2018-11-07 02:09:59,848 :: oauth2client.transport :: INFO :: Attempting refresh to obtain initial access_token
2018-11-07 02:09:59,851 :: oauth2client.client :: INFO :: Refreshing access_token
2018-11-07 02:10:08,140 :: root :: WARNING :: Collection users/samapriya/LA_ANALYSIS/LS_UNMIXED already exists
2018-11-07 02:10:09,232 :: root :: INFO :: Processing image 1 out of 66: C:\Users\samapriya\Documents\Fragmentation\LS_UNMX_MEDIAN\LS_UNMX_Grid_1_2017_01_01.tif
2018-11-07 02:10:19,378 :: root :: INFO :: Processing image 2 out of 66: C:\Users\samapriya\Documents\Fragmentation\LS_UNMX_MEDIAN\LS_UNMX_Grid_1_2017_03_01.tif
2018-11-07 02:10:23,910 :: root :: INFO :: Processing image 3 out of 66: C:\Users\samapriya\Documents\Fragmentation\LS_UNMX_MEDIAN\LS_UNMX_Grid_1_2017_05_01.tif
2018-11-07 02:10:45,730 :: root :: INFO :: Processing image 4 out of 66: C:\Users\samapriya\Documents\Fragmentation\LS_UNMX_MEDIAN\LS_UNMX_Grid_1_2017_07_01.tif
2018-11-07 02:10:50,697 :: root :: INFO :: Processing image 5 out of 66: C:\Users\samapriya\Documents\Fragmentation\LS_UNMX_MEDIAN\LS_UNMX_Grid_1_2017_09_01.tif
2018-11-07 02:10:55,244 :: root :: INFO :: Processing image 6 out of 66: C:\Users\samapriya\Documents\Fragmentation\LS_UNMX_MEDIAN\LS_UNMX_Grid_1_2017_11_01.tif
2018-11-07 02:10:59,954 :: root :: INFO :: Processing image 7 out of 66: C:\Users\samapriya\Documents\Fragmentation\LS_UNMX_MEDIAN\LS_UNMX_Grid_1_2018_01_01.tif
2018-11-07 02:11:04,510 :: root :: INFO :: Processing image 8 out of 66: C:\Users\samapriya\Documents\Fragmentation\LS_UNMX_MEDIAN\LS_UNMX_Grid_1_2018_03_01.tif
2018-11-07 02:11:09,019 :: root :: INFO :: Processing image 9 out of 66: C:\Users\samapriya\Documents\Fragmentation\LS_UNMX_MEDIAN\LS_UNMX_Grid_1_2018_05_01.tif
2018-11-07 02:11:13,318 :: root :: INFO :: Processing image 10 out of 66: C:\Users\samapriya\Documents\Fragmentation\LS_UNMX_MEDIAN\LS_UNMX_Grid_1_2018_07_01.tif
2018-11-07 02:11:18,091 :: root :: INFO :: Processing image 11 out of 66: C:\Users\samapriya\Documents\Fragmentation\LS_UNMX_MEDIAN\LS_UNMX_Grid_1_2018_09_01.tif
2018-11-07 02:11:22,221 :: root :: INFO :: Processing image 12 out of 66: C:\Users\samapriya\Documents\Fragmentation\LS_UNMX_MEDIAN\LS_UNMX_Grid_2_2017_01_01.tif
2018-11-07 02:11:33,341 :: root :: INFO :: Processing image 13 out of 66: C:\Users\samapriya\Documents\Fragmentation\LS_UNMX_MEDIAN\LS_UNMX_Grid_2_2017_03_01.tif
2018-11-07 02:11:41,071 :: root :: INFO :: Processing image 14 out of 66: C:\Users\samapriya\Documents\Fragmentation\LS_UNMX_MEDIAN\LS_UNMX_Grid_2_2017_05_01.tif
2018-11-07 02:11:53,783 :: root :: INFO :: Processing image 15 out of 66: C:\Users\samapriya\Documents\Fragmentation\LS_UNMX_MEDIAN\LS_UNMX_Grid_2_2017_07_01.tif
2018-11-07 02:11:58,244 :: root :: INFO :: Processing image 16 out of 66: C:\Users\samapriya\Documents\Fragmentation\LS_UNMX_MEDIAN\LS_UNMX_Grid_2_2017_09_01.tif
2018-11-07 02:12:02,618 :: root :: INFO :: Processing image 17 out of 66: C:\Users\samapriya\Documents\Fragmentation\LS_UNMX_MEDIAN\LS_UNMX_Grid_2_2017_11_01.tif
2018-11-07 02:12:06,476 :: root :: INFO :: Processing image 18 out of 66: C:\Users\samapriya\Documents\Fragmentation\LS_UNMX_MEDIAN\LS_UNMX_Grid_2_2018_01_01.tif
2018-11-07 02:12:10,561 :: root :: INFO :: Processing image 19 out of 66: C:\Users\samapriya\Documents\Fragmentation\LS_UNMX_MEDIAN\LS_UNMX_Grid_2_2018_03_01.tif
2018-11-07 02:12:14,257 :: root :: INFO :: Processing image 20 out of 66: C:\Users\samapriya\Documents\Fragmentation\LS_UNMX_MEDIAN\LS_UNMX_Grid_2_2018_05_01.tif
2018-11-07 02:12:18,403 :: root :: INFO :: Periodic check
2018-11-07 02:12:23,986 :: root :: INFO :: Processing image 21 out of 66: C:\Users\samapriya\Documents\Fragmentation\LS_UNMX_MEDIAN\LS_UNMX_Grid_2_2018_07_01.tif
2018-11-07 02:12:28,131 :: root :: INFO :: Processing image 22 out of 66: C:\Users\samapriya\Documents\Fragmentation\LS_UNMX_MEDIAN\LS_UNMX_Grid_2_2018_09_01.tif
2018-11-07 02:12:37,190 :: root :: INFO :: Processing image 23 out of 66: C:\Users\samapriya\Documents\Fragmentation\LS_UNMX_MEDIAN\LS_UNMX_Grid_3_2017_01_01.tif
2018-11-07 02:12:41,526 :: root :: INFO :: Processing image 24 out of 66: C:\Users\samapriya\Documents\Fragmentation\LS_UNMX_MEDIAN\LS_UNMX_Grid_3_2017_03_01.tif
2018-11-07 02:12:45,437 :: root :: INFO :: Processing image 25 out of 66: C:\Users\samapriya\Documents\Fragmentation\LS_UNMX_MEDIAN\LS_UNMX_Grid_3_2017_05_01.tif
2018-11-07 02:12:49,365 :: root :: INFO :: Processing image 26 out of 66: C:\Users\samapriya\Documents\Fragmentation\LS_UNMX_MEDIAN\LS_UNMX_Grid_3_2017_07_01.tif
2018-11-07 02:12:53,253 :: root :: INFO :: Processing image 27 out of 66: C:\Users\samapriya\Documents\Fragmentation\LS_UNMX_MEDIAN\LS_UNMX_Grid_3_2017_09_01.tif
2018-11-07 02:12:57,157 :: root :: INFO :: Processing image 28 out of 66: C:\Users\samapriya\Documents\Fragmentation\LS_UNMX_MEDIAN\LS_UNMX_Grid_3_2017_11_01.tif
2018-11-07 02:13:00,756 :: root :: INFO :: Processing image 29 out of 66: C:\Users\samapriya\Documents\Fragmentation\LS_UNMX_MEDIAN\LS_UNMX_Grid_3_2018_01_01.tif
2018-11-07 02:13:04,161 :: root :: INFO :: Processing image 30 out of 66: C:\Users\samapriya\Documents\Fragmentation\LS_UNMX_MEDIAN\LS_UNMX_Grid_3_2018_03_01.tif
2018-11-07 02:13:08,187 :: root :: INFO :: Processing image 31 out of 66: C:\Users\samapriya\Documents\Fragmentation\LS_UNMX_MEDIAN\LS_UNMX_Grid_3_2018_05_01.tif
2018-11-07 02:13:12,191 :: root :: INFO :: Processing image 32 out of 66: C:\Users\samapriya\Documents\Fragmentation\LS_UNMX_MEDIAN\LS_UNMX_Grid_3_2018_07_01.tif
2018-11-07 02:13:16,414 :: root :: INFO :: Processing image 33 out of 66: C:\Users\samapriya\Documents\Fragmentation\LS_UNMX_MEDIAN\LS_UNMX_Grid_3_2018_09_01.tif
2018-11-07 02:13:20,088 :: root :: INFO :: Processing image 34 out of 66: C:\Users\samapriya\Documents\Fragmentation\LS_UNMX_MEDIAN\LS_UNMX_Grid_4_2017_01_01.tif
2018-11-07 02:13:24,625 :: root :: INFO :: Processing image 35 out of 66: C:\Users\samapriya\Documents\Fragmentation\LS_UNMX_MEDIAN\LS_UNMX_Grid_4_2017_03_01.tif
2018-11-07 02:13:28,802 :: root :: INFO :: Processing image 36 out of 66: C:\Users\samapriya\Documents\Fragmentation\LS_UNMX_MEDIAN\LS_UNMX_Grid_4_2017_05_01.tif
2018-11-07 02:13:33,401 :: root :: INFO :: Processing image 37 out of 66: C:\Users\samapriya\Documents\Fragmentation\LS_UNMX_MEDIAN\LS_UNMX_Grid_4_2017_07_01.tif
2018-11-07 02:13:37,493 :: root :: INFO :: Processing image 38 out of 66: C:\Users\samapriya\Documents\Fragmentation\LS_UNMX_MEDIAN\LS_UNMX_Grid_4_2017_09_01.tif
2018-11-07 02:13:41,421 :: root :: INFO :: Processing image 39 out of 66: C:\Users\samapriya\Documents\Fragmentation\LS_UNMX_MEDIAN\LS_UNMX_Grid_4_2017_11_01.tif
2018-11-07 02:13:44,803 :: root :: INFO :: Processing image 40 out of 66: C:\Users\samapriya\Documents\Fragmentation\LS_UNMX_MEDIAN\LS_UNMX_Grid_4_2018_01_01.tif
2018-11-07 02:13:48,187 :: root :: INFO :: Periodic check
2018-11-07 02:13:53,423 :: root :: INFO :: Processing image 41 out of 66: C:\Users\samapriya\Documents\Fragmentation\LS_UNMX_MEDIAN\LS_UNMX_Grid_4_2018_03_01.tif
2018-11-07 02:13:56,994 :: root :: INFO :: Processing image 42 out of 66: C:\Users\samapriya\Documents\Fragmentation\LS_UNMX_MEDIAN\LS_UNMX_Grid_4_2018_05_01.tif
2018-11-07 02:14:01,003 :: root :: INFO :: Processing image 43 out of 66: C:\Users\samapriya\Documents\Fragmentation\LS_UNMX_MEDIAN\LS_UNMX_Grid_4_2018_07_01.tif
2018-11-07 02:14:05,190 :: root :: INFO :: Processing image 44 out of 66: C:\Users\samapriya\Documents\Fragmentation\LS_UNMX_MEDIAN\LS_UNMX_Grid_4_2018_09_01.tif
2018-11-07 02:14:09,168 :: root :: INFO :: Processing image 45 out of 66: C:\Users\samapriya\Documents\Fragmentation\LS_UNMX_MEDIAN\LS_UNMX_Grid_5_2017_01_01.tif
2018-11-07 02:14:12,970 :: root :: INFO :: Processing image 46 out of 66: C:\Users\samapriya\Documents\Fragmentation\LS_UNMX_MEDIAN\LS_UNMX_Grid_5_2017_03_01.tif
2018-11-07 02:14:17,250 :: root :: INFO :: Processing image 47 out of 66: C:\Users\samapriya\Documents\Fragmentation\LS_UNMX_MEDIAN\LS_UNMX_Grid_5_2017_05_01.tif
2018-11-07 02:14:21,066 :: root :: INFO :: Processing image 48 out of 66: C:\Users\samapriya\Documents\Fragmentation\LS_UNMX_MEDIAN\LS_UNMX_Grid_5_2017_07_01.tif
2018-11-07 02:14:25,299 :: root :: INFO :: Processing image 49 out of 66: C:\Users\samapriya\Documents\Fragmentation\LS_UNMX_MEDIAN\LS_UNMX_Grid_5_2017_09_01.tif
2018-11-07 02:14:29,388 :: root :: INFO :: Processing image 50 out of 66: C:\Users\samapriya\Documents\Fragmentation\LS_UNMX_MEDIAN\LS_UNMX_Grid_5_2017_11_01.tif
2018-11-07 02:14:33,453 :: root :: INFO :: Processing image 51 out of 66: C:\Users\samapriya\Documents\Fragmentation\LS_UNMX_MEDIAN\LS_UNMX_Grid_5_2018_01_01.tif
2018-11-07 02:14:37,346 :: root :: INFO :: Processing image 52 out of 66: C:\Users\samapriya\Documents\Fragmentation\LS_UNMX_MEDIAN\LS_UNMX_Grid_5_2018_03_01.tif
2018-11-07 02:14:41,183 :: root :: INFO :: Processing image 53 out of 66: C:\Users\samapriya\Documents\Fragmentation\LS_UNMX_MEDIAN\LS_UNMX_Grid_5_2018_05_01.tif
2018-11-07 02:14:45,612 :: root :: INFO :: Processing image 54 out of 66: C:\Users\samapriya\Documents\Fragmentation\LS_UNMX_MEDIAN\LS_UNMX_Grid_5_2018_07_01.tif
2018-11-07 02:14:50,000 :: root :: INFO :: Processing image 55 out of 66: C:\Users\samapriya\Documents\Fragmentation\LS_UNMX_MEDIAN\LS_UNMX_Grid_5_2018_09_01.tif
2018-11-07 02:14:53,720 :: root :: INFO :: Processing image 56 out of 66: C:\Users\samapriya\Documents\Fragmentation\LS_UNMX_MEDIAN\LS_UNMX_Grid_6_2017_01_01.tif
2018-11-07 02:14:57,803 :: root :: INFO :: Processing image 57 out of 66: C:\Users\samapriya\Documents\Fragmentation\LS_UNMX_MEDIAN\LS_UNMX_Grid_6_2017_03_01.tif
2018-11-07 02:15:01,595 :: root :: INFO :: Processing image 58 out of 66: C:\Users\samapriya\Documents\Fragmentation\LS_UNMX_MEDIAN\LS_UNMX_Grid_6_2017_05_01.tif
2018-11-07 02:15:05,451 :: root :: INFO :: Processing image 59 out of 66: C:\Users\samapriya\Documents\Fragmentation\LS_UNMX_MEDIAN\LS_UNMX_Grid_6_2017_07_01.tif
2018-11-07 02:15:09,862 :: root :: INFO :: Processing image 60 out of 66: C:\Users\samapriya\Documents\Fragmentation\LS_UNMX_MEDIAN\LS_UNMX_Grid_6_2017_09_01.tif
2018-11-07 02:15:13,979 :: root :: INFO :: Periodic check
2018-11-07 02:15:18,828 :: root :: INFO :: Processing image 61 out of 66: C:\Users\samapriya\Documents\Fragmentation\LS_UNMX_MEDIAN\LS_UNMX_Grid_6_2017_11_01.tif
2018-11-07 02:15:23,687 :: root :: INFO :: Processing image 62 out of 66: C:\Users\samapriya\Documents\Fragmentation\LS_UNMX_MEDIAN\LS_UNMX_Grid_6_2018_01_01.tif
2018-11-07 02:15:27,332 :: root :: INFO :: Processing image 63 out of 66: C:\Users\samapriya\Documents\Fragmentation\LS_UNMX_MEDIAN\LS_UNMX_Grid_6_2018_03_01.tif
2018-11-07 02:15:31,229 :: root :: INFO :: Processing image 64 out of 66: C:\Users\samapriya\Documents\Fragmentation\LS_UNMX_MEDIAN\LS_UNMX_Grid_6_2018_05_01.tif
2018-11-07 02:15:35,003 :: root :: INFO :: Processing image 65 out of 66: C:\Users\samapriya\Documents\Fragmentation\LS_UNMX_MEDIAN\LS_UNMX_Grid_6_2018_07_01.tif
2018-11-07 02:15:39,377 :: root :: INFO :: Processing image 66 out of 66: C:\Users\samapriya\Documents\Fragmentation\LS_UNMX_MEDIAN\LS_UNMX_Grid_6_2018_09_01.tif
2018-11-07 02:17:12,855 :: oauth2client.transport :: INFO :: Attempting refresh to obtain initial access_token
2018-11-07 02:17:12,871 :: oauth2client.client :: INFO :: Refreshing access_token
2018-11-07 02:17:22,068 :: root :: WARNING :: Collection users/samapriya/LA_ANALYSIS/S2_UNMIXED already exists
2018-11-07 02:17:22,628 :: root :: INFO :: Processing image 1 out of 66: C:\Users\samapriya\Documents\Fragmentation\S2_UNMX_MEDIAN\S2_UNMX_Grid_1_2017_01_01.tif
2018-11-07 02:17:41,572 :: root :: INFO :: Processing image 2 out of 66: C:\Users\samapriya\Documents\Fragmentation\S2_UNMX_MEDIAN\S2_UNMX_Grid_1_2017_03_01.tif
2018-11-07 02:17:58,253 :: root :: INFO :: Processing image 3 out of 66: C:\Users\samapriya\Documents\Fragmentation\S2_UNMX_MEDIAN\S2_UNMX_Grid_1_2017_05_01.tif
2018-11-07 02:18:10,278 :: root :: INFO :: Processing image 4 out of 66: C:\Users\samapriya\Documents\Fragmentation\S2_UNMX_MEDIAN\S2_UNMX_Grid_1_2017_07_01.tif
2018-11-07 02:18:24,388 :: root :: INFO :: Processing image 5 out of 66: C:\Users\samapriya\Documents\Fragmentation\S2_UNMX_MEDIAN\S2_UNMX_Grid_1_2017_09_01.tif
2018-11-07 02:18:40,105 :: root :: INFO :: Processing image 6 out of 66: C:\Users\samapriya\Documents\Fragmentation\S2_UNMX_MEDIAN\S2_UNMX_Grid_1_2017_11_01.tif
2018-11-07 02:18:55,772 :: root :: INFO :: Processing image 7 out of 66: C:\Users\samapriya\Documents\Fragmentation\S2_UNMX_MEDIAN\S2_UNMX_Grid_1_2018_01_01.tif
2018-11-07 02:19:10,765 :: root :: INFO :: Processing image 8 out of 66: C:\Users\samapriya\Documents\Fragmentation\S2_UNMX_MEDIAN\S2_UNMX_Grid_1_2018_03_01.tif
2018-11-07 02:19:27,221 :: root :: INFO :: Processing image 9 out of 66: C:\Users\samapriya\Documents\Fragmentation\S2_UNMX_MEDIAN\S2_UNMX_Grid_1_2018_05_01.tif
2018-11-07 02:19:42,096 :: root :: INFO :: Processing image 10 out of 66: C:\Users\samapriya\Documents\Fragmentation\S2_UNMX_MEDIAN\S2_UNMX_Grid_1_2018_07_01.tif
2018-11-07 02:19:57,986 :: root :: INFO :: Processing image 11 out of 66: C:\Users\samapriya\Documents\Fragmentation\S2_UNMX_MEDIAN\S2_UNMX_Grid_1_2018_09_01.tif
2018-11-07 02:20:14,796 :: root :: INFO :: Processing image 12 out of 66: C:\Users\samapriya\Documents\Fragmentation\S2_UNMX_MEDIAN\S2_UNMX_Grid_2_2017_01_01.tif
2018-11-07 02:20:24,637 :: root :: INFO :: Processing image 13 out of 66: C:\Users\samapriya\Documents\Fragmentation\S2_UNMX_MEDIAN\S2_UNMX_Grid_2_2017_03_01.tif
2018-11-07 02:20:40,098 :: root :: INFO :: Processing image 14 out of 66: C:\Users\samapriya\Documents\Fragmentation\S2_UNMX_MEDIAN\S2_UNMX_Grid_2_2017_05_01.tif
2018-11-07 02:20:58,615 :: root :: INFO :: Processing image 15 out of 66: C:\Users\samapriya\Documents\Fragmentation\S2_UNMX_MEDIAN\S2_UNMX_Grid_2_2017_07_01.tif
2018-11-07 02:21:14,878 :: root :: INFO :: Processing image 16 out of 66: C:\Users\samapriya\Documents\Fragmentation\S2_UNMX_MEDIAN\S2_UNMX_Grid_2_2017_09_01.tif
2018-11-07 02:21:29,214 :: root :: INFO :: Processing image 17 out of 66: C:\Users\samapriya\Documents\Fragmentation\S2_UNMX_MEDIAN\S2_UNMX_Grid_2_2017_11_01.tif
2018-11-07 02:21:41,500 :: root :: INFO :: Processing image 18 out of 66: C:\Users\samapriya\Documents\Fragmentation\S2_UNMX_MEDIAN\S2_UNMX_Grid_2_2018_01_01.tif
2018-11-07 02:21:55,490 :: root :: INFO :: Processing image 19 out of 66: C:\Users\samapriya\Documents\Fragmentation\S2_UNMX_MEDIAN\S2_UNMX_Grid_2_2018_03_01.tif
2018-11-07 02:22:07,115 :: root :: INFO :: Processing image 20 out of 66: C:\Users\samapriya\Documents\Fragmentation\S2_UNMX_MEDIAN\S2_UNMX_Grid_2_2018_05_01.tif
2018-11-07 02:22:21,137 :: root :: INFO :: Periodic check
2018-11-07 02:22:27,749 :: root :: INFO :: Processing image 21 out of 66: C:\Users\samapriya\Documents\Fragmentation\S2_UNMX_MEDIAN\S2_UNMX_Grid_2_2018_07_01.tif
2018-11-07 02:22:39,305 :: root :: INFO :: Processing image 22 out of 66: C:\Users\samapriya\Documents\Fragmentation\S2_UNMX_MEDIAN\S2_UNMX_Grid_2_2018_09_01.tif
2018-11-07 02:22:52,811 :: root :: INFO :: Processing image 23 out of 66: C:\Users\samapriya\Documents\Fragmentation\S2_UNMX_MEDIAN\S2_UNMX_Grid_3_2017_01_01.tif
2018-11-07 02:23:07,667 :: root :: INFO :: Processing image 24 out of 66: C:\Users\samapriya\Documents\Fragmentation\S2_UNMX_MEDIAN\S2_UNMX_Grid_3_2017_03_01.tif
2018-11-07 02:23:30,325 :: root :: INFO :: Processing image 25 out of 66: C:\Users\samapriya\Documents\Fragmentation\S2_UNMX_MEDIAN\S2_UNMX_Grid_3_2017_05_01.tif
2018-11-07 02:23:43,558 :: root :: INFO :: Processing image 26 out of 66: C:\Users\samapriya\Documents\Fragmentation\S2_UNMX_MEDIAN\S2_UNMX_Grid_3_2017_07_01.tif
2018-11-07 02:23:57,117 :: root :: INFO :: Processing image 27 out of 66: C:\Users\samapriya\Documents\Fragmentation\S2_UNMX_MEDIAN\S2_UNMX_Grid_3_2017_09_01.tif
2018-11-07 02:24:09,980 :: root :: INFO :: Processing image 28 out of 66: C:\Users\samapriya\Documents\Fragmentation\S2_UNMX_MEDIAN\S2_UNMX_Grid_3_2017_11_01.tif
2018-11-07 02:24:21,210 :: root :: INFO :: Processing image 29 out of 66: C:\Users\samapriya\Documents\Fragmentation\S2_UNMX_MEDIAN\S2_UNMX_Grid_3_2018_01_01.tif
2018-11-07 02:24:33,104 :: root :: INFO :: Processing image 30 out of 66: C:\Users\samapriya\Documents\Fragmentation\S2_UNMX_MEDIAN\S2_UNMX_Grid_3_2018_03_01.tif
2018-11-07 02:24:46,121 :: root :: INFO :: Processing image 31 out of 66: C:\Users\samapriya\Documents\Fragmentation\S2_UNMX_MEDIAN\S2_UNMX_Grid_3_2018_05_01.tif
2018-11-07 02:24:58,368 :: root :: INFO :: Processing image 32 out of 66: C:\Users\samapriya\Documents\Fragmentation\S2_UNMX_MEDIAN\S2_UNMX_Grid_3_2018_07_01.tif
2018-11-07 02:25:13,630 :: root :: INFO :: Processing image 33 out of 66: C:\Users\samapriya\Documents\Fragmentation\S2_UNMX_MEDIAN\S2_UNMX_Grid_3_2018_09_01.tif
2018-11-07 02:25:30,782 :: root :: INFO :: Processing image 34 out of 66: C:\Users\samapriya\Documents\Fragmentation\S2_UNMX_MEDIAN\S2_UNMX_Grid_4_2017_01_01.tif
2018-11-07 02:25:45,483 :: root :: INFO :: Processing image 35 out of 66: C:\Users\samapriya\Documents\Fragmentation\S2_UNMX_MEDIAN\S2_UNMX_Grid_4_2017_03_01.tif
2018-11-07 02:26:02,336 :: root :: INFO :: Processing image 36 out of 66: C:\Users\samapriya\Documents\Fragmentation\S2_UNMX_MEDIAN\S2_UNMX_Grid_4_2017_05_01.tif
2018-11-07 02:26:18,950 :: root :: INFO :: Processing image 37 out of 66: C:\Users\samapriya\Documents\Fragmentation\S2_UNMX_MEDIAN\S2_UNMX_Grid_4_2017_07_01.tif
2018-11-07 02:26:36,999 :: root :: INFO :: Processing image 38 out of 66: C:\Users\samapriya\Documents\Fragmentation\S2_UNMX_MEDIAN\S2_UNMX_Grid_4_2017_09_01.tif
2018-11-07 02:26:50,809 :: root :: INFO :: Processing image 39 out of 66: C:\Users\samapriya\Documents\Fragmentation\S2_UNMX_MEDIAN\S2_UNMX_Grid_4_2017_11_01.tif
2018-11-07 02:27:02,240 :: root :: INFO :: Processing image 40 out of 66: C:\Users\samapriya\Documents\Fragmentation\S2_UNMX_MEDIAN\S2_UNMX_Grid_4_2018_01_01.tif
2018-11-07 02:27:14,085 :: root :: INFO :: Periodic check
2018-11-07 02:27:21,066 :: root :: INFO :: Processing image 41 out of 66: C:\Users\samapriya\Documents\Fragmentation\S2_UNMX_MEDIAN\S2_UNMX_Grid_4_2018_03_01.tif
2018-11-07 02:27:34,997 :: root :: INFO :: Processing image 42 out of 66: C:\Users\samapriya\Documents\Fragmentation\S2_UNMX_MEDIAN\S2_UNMX_Grid_4_2018_05_01.tif
2018-11-07 02:27:49,559 :: root :: INFO :: Processing image 43 out of 66: C:\Users\samapriya\Documents\Fragmentation\S2_UNMX_MEDIAN\S2_UNMX_Grid_4_2018_07_01.tif
2018-11-07 02:28:12,345 :: root :: INFO :: Processing image 44 out of 66: C:\Users\samapriya\Documents\Fragmentation\S2_UNMX_MEDIAN\S2_UNMX_Grid_4_2018_09_01.tif
2018-11-07 02:28:28,476 :: root :: INFO :: Processing image 45 out of 66: C:\Users\samapriya\Documents\Fragmentation\S2_UNMX_MEDIAN\S2_UNMX_Grid_5_2017_01_01.tif
2018-11-07 02:28:40,671 :: root :: INFO :: Processing image 46 out of 66: C:\Users\samapriya\Documents\Fragmentation\S2_UNMX_MEDIAN\S2_UNMX_Grid_5_2017_03_01.tif
2018-11-07 02:28:55,332 :: root :: INFO :: Processing image 47 out of 66: C:\Users\samapriya\Documents\Fragmentation\S2_UNMX_MEDIAN\S2_UNMX_Grid_5_2017_05_01.tif
2018-11-07 02:29:10,516 :: root :: INFO :: Processing image 48 out of 66: C:\Users\samapriya\Documents\Fragmentation\S2_UNMX_MEDIAN\S2_UNMX_Grid_5_2017_07_01.tif
2018-11-07 02:29:23,273 :: root :: INFO :: Processing image 49 out of 66: C:\Users\samapriya\Documents\Fragmentation\S2_UNMX_MEDIAN\S2_UNMX_Grid_5_2017_09_01.tif
2018-11-07 02:29:42,505 :: root :: INFO :: Processing image 50 out of 66: C:\Users\samapriya\Documents\Fragmentation\S2_UNMX_MEDIAN\S2_UNMX_Grid_5_2017_11_01.tif
2018-11-07 02:29:58,151 :: root :: INFO :: Processing image 51 out of 66: C:\Users\samapriya\Documents\Fragmentation\S2_UNMX_MEDIAN\S2_UNMX_Grid_5_2018_01_01.tif
2018-11-07 02:30:13,460 :: root :: INFO :: Processing image 52 out of 66: C:\Users\samapriya\Documents\Fragmentation\S2_UNMX_MEDIAN\S2_UNMX_Grid_5_2018_03_01.tif
2018-11-07 02:30:30,905 :: root :: INFO :: Processing image 53 out of 66: C:\Users\samapriya\Documents\Fragmentation\S2_UNMX_MEDIAN\S2_UNMX_Grid_5_2018_05_01.tif
2018-11-07 02:30:41,842 :: root :: INFO :: Processing image 54 out of 66: C:\Users\samapriya\Documents\Fragmentation\S2_UNMX_MEDIAN\S2_UNMX_Grid_5_2018_07_01.tif
2018-11-07 02:30:55,918 :: root :: INFO :: Processing image 55 out of 66: C:\Users\samapriya\Documents\Fragmentation\S2_UNMX_MEDIAN\S2_UNMX_Grid_5_2018_09_01.tif
2018-11-07 02:31:12,319 :: root :: INFO :: Processing image 56 out of 66: C:\Users\samapriya\Documents\Fragmentation\S2_UNMX_MEDIAN\S2_UNMX_Grid_6_2017_01_01.tif
2018-11-07 02:31:28,806 :: root :: INFO :: Processing image 57 out of 66: C:\Users\samapriya\Documents\Fragmentation\S2_UNMX_MEDIAN\S2_UNMX_Grid_6_2017_03_01.tif
2018-11-07 02:31:42,752 :: root :: INFO :: Processing image 58 out of 66: C:\Users\samapriya\Documents\Fragmentation\S2_UNMX_MEDIAN\S2_UNMX_Grid_6_2017_05_01.tif
2018-11-07 02:31:59,595 :: root :: INFO :: Processing image 59 out of 66: C:\Users\samapriya\Documents\Fragmentation\S2_UNMX_MEDIAN\S2_UNMX_Grid_6_2017_07_01.tif
2018-11-07 02:32:15,674 :: root :: INFO :: Processing image 60 out of 66: C:\Users\samapriya\Documents\Fragmentation\S2_UNMX_MEDIAN\S2_UNMX_Grid_6_2017_09_01.tif
2018-11-07 02:32:31,609 :: root :: INFO :: Periodic check
2018-11-07 02:32:36,506 :: root :: INFO :: Processing image 61 out of 66: C:\Users\samapriya\Documents\Fragmentation\S2_UNMX_MEDIAN\S2_UNMX_Grid_6_2017_11_01.tif
2018-11-07 02:32:51,055 :: root :: INFO :: Processing image 62 out of 66: C:\Users\samapriya\Documents\Fragmentation\S2_UNMX_MEDIAN\S2_UNMX_Grid_6_2018_01_01.tif
2018-11-07 02:33:04,046 :: root :: INFO :: Processing image 63 out of 66: C:\Users\samapriya\Documents\Fragmentation\S2_UNMX_MEDIAN\S2_UNMX_Grid_6_2018_03_01.tif
2018-11-07 02:33:21,348 :: root :: INFO :: Processing image 64 out of 66: C:\Users\samapriya\Documents\Fragmentation\S2_UNMX_MEDIAN\S2_UNMX_Grid_6_2018_05_01.tif
2018-11-07 02:33:41,788 :: root :: INFO :: Processing image 65 out of 66: C:\Users\samapriya\Documents\Fragmentation\S2_UNMX_MEDIAN\S2_UNMX_Grid_6_2018_07_01.tif
2018-11-07 02:33:59,668 :: root :: INFO :: Processing image 66 out of 66: C:\Users\samapriya\Documents\Fragmentation\S2_UNMX_MEDIAN\S2_UNMX_Grid_6_2018_09_01.tif
2018-11-07 03:24:45,125 :: oauth2client.transport :: INFO :: Attempting refresh to obtain initial access_token
2018-11-07 03:24:45,125 :: oauth2client.client :: INFO :: Refreshing access_token
2018-11-07 03:24:55,076 :: root :: WARNING :: Collection users/samapriya/LA_ANALYSIS/LS_UNMX_OTSU already exists
2018-11-07 03:24:55,732 :: root :: INFO :: Processing image 1 out of 66: C:\Users\samapriya\Documents\Fragmentation\LS_UNMX_MEDOID_OTSU\LS_UNMX_OTSU_Grid_1_2017_01_01.tif
2018-11-07 03:25:02,051 :: root :: INFO :: Processing image 2 out of 66: C:\Users\samapriya\Documents\Fragmentation\LS_UNMX_MEDOID_OTSU\LS_UNMX_OTSU_Grid_1_2017_03_01.tif
2018-11-07 03:25:04,618 :: root :: INFO :: Processing image 3 out of 66: C:\Users\samapriya\Documents\Fragmentation\LS_UNMX_MEDOID_OTSU\LS_UNMX_OTSU_Grid_1_2017_05_01.tif
2018-11-07 03:25:07,387 :: root :: INFO :: Processing image 4 out of 66: C:\Users\samapriya\Documents\Fragmentation\LS_UNMX_MEDOID_OTSU\LS_UNMX_OTSU_Grid_1_2017_07_01.tif
2018-11-07 03:25:10,265 :: root :: INFO :: Processing image 5 out of 66: C:\Users\samapriya\Documents\Fragmentation\LS_UNMX_MEDOID_OTSU\LS_UNMX_OTSU_Grid_1_2017_09_01.tif
2018-11-07 03:25:12,539 :: root :: INFO :: Processing image 6 out of 66: C:\Users\samapriya\Documents\Fragmentation\LS_UNMX_MEDOID_OTSU\LS_UNMX_OTSU_Grid_1_2017_11_01.tif
2018-11-07 03:25:14,898 :: root :: INFO :: Processing image 7 out of 66: C:\Users\samapriya\Documents\Fragmentation\LS_UNMX_MEDOID_OTSU\LS_UNMX_OTSU_Grid_1_2018_01_01.tif
2018-11-07 03:25:17,321 :: root :: INFO :: Processing image 8 out of 66: C:\Users\samapriya\Documents\Fragmentation\LS_UNMX_MEDOID_OTSU\LS_UNMX_OTSU_Grid_1_2018_03_01.tif
2018-11-07 03:25:19,888 :: root :: INFO :: Processing image 9 out of 66: C:\Users\samapriya\Documents\Fragmentation\LS_UNMX_MEDOID_OTSU\LS_UNMX_OTSU_Grid_1_2018_05_01.tif
2018-11-07 03:25:22,407 :: root :: INFO :: Processing image 10 out of 66: C:\Users\samapriya\Documents\Fragmentation\LS_UNMX_MEDOID_OTSU\LS_UNMX_OTSU_Grid_1_2018_07_01.tif
2018-11-07 03:25:25,131 :: root :: INFO :: Processing image 11 out of 66: C:\Users\samapriya\Documents\Fragmentation\LS_UNMX_MEDOID_OTSU\LS_UNMX_OTSU_Grid_1_2018_09_01.tif
2018-11-07 03:25:27,499 :: root :: INFO :: Processing image 12 out of 66: C:\Users\samapriya\Documents\Fragmentation\LS_UNMX_MEDOID_OTSU\LS_UNMX_OTSU_Grid_2_2017_01_01.tif
2018-11-07 03:25:29,779 :: root :: INFO :: Processing image 13 out of 66: C:\Users\samapriya\Documents\Fragmentation\LS_UNMX_MEDOID_OTSU\LS_UNMX_OTSU_Grid_2_2017_03_01.tif
2018-11-07 03:25:32,066 :: root :: INFO :: Processing image 14 out of 66: C:\Users\samapriya\Documents\Fragmentation\LS_UNMX_MEDOID_OTSU\LS_UNMX_OTSU_Grid_2_2017_05_01.tif
2018-11-07 03:25:34,477 :: root :: INFO :: Processing image 15 out of 66: C:\Users\samapriya\Documents\Fragmentation\LS_UNMX_MEDOID_OTSU\LS_UNMX_OTSU_Grid_2_2017_07_01.tif
2018-11-07 03:25:36,938 :: root :: INFO :: Processing image 16 out of 66: C:\Users\samapriya\Documents\Fragmentation\LS_UNMX_MEDOID_OTSU\LS_UNMX_OTSU_Grid_2_2017_09_01.tif
2018-11-07 03:25:39,134 :: root :: INFO :: Processing image 17 out of 66: C:\Users\samapriya\Documents\Fragmentation\LS_UNMX_MEDOID_OTSU\LS_UNMX_OTSU_Grid_2_2017_11_01.tif
2018-11-07 03:25:41,519 :: root :: INFO :: Processing image 18 out of 66: C:\Users\samapriya\Documents\Fragmentation\LS_UNMX_MEDOID_OTSU\LS_UNMX_OTSU_Grid_2_2018_01_01.tif
2018-11-07 03:25:43,911 :: root :: INFO :: Processing image 19 out of 66: C:\Users\samapriya\Documents\Fragmentation\LS_UNMX_MEDOID_OTSU\LS_UNMX_OTSU_Grid_2_2018_03_01.tif
2018-11-07 03:25:46,180 :: root :: INFO :: Processing image 20 out of 66: C:\Users\samapriya\Documents\Fragmentation\LS_UNMX_MEDOID_OTSU\LS_UNMX_OTSU_Grid_2_2018_05_01.tif
2018-11-07 03:25:48,525 :: root :: INFO :: Periodic check
2018-11-07 03:25:54,875 :: root :: INFO :: Processing image 21 out of 66: C:\Users\samapriya\Documents\Fragmentation\LS_UNMX_MEDOID_OTSU\LS_UNMX_OTSU_Grid_2_2018_07_01.tif
2018-11-07 03:25:57,918 :: root :: INFO :: Processing image 22 out of 66: C:\Users\samapriya\Documents\Fragmentation\LS_UNMX_MEDOID_OTSU\LS_UNMX_OTSU_Grid_2_2018_09_01.tif
2018-11-07 03:26:00,382 :: root :: INFO :: Processing image 23 out of 66: C:\Users\samapriya\Documents\Fragmentation\LS_UNMX_MEDOID_OTSU\LS_UNMX_OTSU_Grid_3_2017_01_01.tif
2018-11-07 03:26:03,002 :: root :: INFO :: Processing image 24 out of 66: C:\Users\samapriya\Documents\Fragmentation\LS_UNMX_MEDOID_OTSU\LS_UNMX_OTSU_Grid_3_2017_03_01.tif
2018-11-07 03:26:05,486 :: root :: INFO :: Processing image 25 out of 66: C:\Users\samapriya\Documents\Fragmentation\LS_UNMX_MEDOID_OTSU\LS_UNMX_OTSU_Grid_3_2017_05_01.tif
2018-11-07 03:26:08,444 :: root :: INFO :: Processing image 26 out of 66: C:\Users\samapriya\Documents\Fragmentation\LS_UNMX_MEDOID_OTSU\LS_UNMX_OTSU_Grid_3_2017_07_01.tif
2018-11-07 03:26:13,967 :: root :: INFO :: Processing image 27 out of 66: C:\Users\samapriya\Documents\Fragmentation\LS_UNMX_MEDOID_OTSU\LS_UNMX_OTSU_Grid_3_2017_09_01.tif
2018-11-07 03:26:16,390 :: root :: INFO :: Processing image 28 out of 66: C:\Users\samapriya\Documents\Fragmentation\LS_UNMX_MEDOID_OTSU\LS_UNMX_OTSU_Grid_3_2017_11_01.tif
2018-11-07 03:26:19,184 :: root :: INFO :: Processing image 29 out of 66: C:\Users\samapriya\Documents\Fragmentation\LS_UNMX_MEDOID_OTSU\LS_UNMX_OTSU_Grid_3_2018_01_01.tif
2018-11-07 03:26:21,707 :: root :: INFO :: Processing image 30 out of 66: C:\Users\samapriya\Documents\Fragmentation\LS_UNMX_MEDOID_OTSU\LS_UNMX_OTSU_Grid_3_2018_03_01.tif
2018-11-07 03:26:24,461 :: root :: INFO :: Processing image 31 out of 66: C:\Users\samapriya\Documents\Fragmentation\LS_UNMX_MEDOID_OTSU\LS_UNMX_OTSU_Grid_3_2018_05_01.tif
2018-11-07 03:26:27,082 :: root :: INFO :: Processing image 32 out of 66: C:\Users\samapriya\Documents\Fragmentation\LS_UNMX_MEDOID_OTSU\LS_UNMX_OTSU_Grid_3_2018_07_01.tif
2018-11-07 03:26:30,303 :: root :: INFO :: Processing image 33 out of 66: C:\Users\samapriya\Documents\Fragmentation\LS_UNMX_MEDOID_OTSU\LS_UNMX_OTSU_Grid_3_2018_09_01.tif
2018-11-07 03:26:32,917 :: root :: INFO :: Processing image 34 out of 66: C:\Users\samapriya\Documents\Fragmentation\LS_UNMX_MEDOID_OTSU\LS_UNMX_OTSU_Grid_4_2017_01_01.tif
2018-11-07 03:26:35,825 :: root :: INFO :: Processing image 35 out of 66: C:\Users\samapriya\Documents\Fragmentation\LS_UNMX_MEDOID_OTSU\LS_UNMX_OTSU_Grid_4_2017_03_01.tif
2018-11-07 03:26:38,628 :: root :: INFO :: Processing image 36 out of 66: C:\Users\samapriya\Documents\Fragmentation\LS_UNMX_MEDOID_OTSU\LS_UNMX_OTSU_Grid_4_2017_05_01.tif
2018-11-07 03:26:41,325 :: root :: INFO :: Processing image 37 out of 66: C:\Users\samapriya\Documents\Fragmentation\LS_UNMX_MEDOID_OTSU\LS_UNMX_OTSU_Grid_4_2017_07_01.tif
2018-11-07 03:26:44,266 :: root :: INFO :: Processing image 38 out of 66: C:\Users\samapriya\Documents\Fragmentation\LS_UNMX_MEDOID_OTSU\LS_UNMX_OTSU_Grid_4_2017_09_01.tif
2018-11-07 03:26:47,045 :: root :: INFO :: Processing image 39 out of 66: C:\Users\samapriya\Documents\Fragmentation\LS_UNMX_MEDOID_OTSU\LS_UNMX_OTSU_Grid_4_2017_11_01.tif
2018-11-07 03:26:49,571 :: root :: INFO :: Processing image 40 out of 66: C:\Users\samapriya\Documents\Fragmentation\LS_UNMX_MEDOID_OTSU\LS_UNMX_OTSU_Grid_4_2018_01_01.tif
2018-11-07 03:26:52,346 :: root :: INFO :: Periodic check
2018-11-07 03:27:01,861 :: root :: INFO :: Processing image 41 out of 66: C:\Users\samapriya\Documents\Fragmentation\LS_UNMX_MEDOID_OTSU\LS_UNMX_OTSU_Grid_4_2018_03_01.tif
2018-11-07 03:27:04,505 :: root :: INFO :: Processing image 42 out of 66: C:\Users\samapriya\Documents\Fragmentation\LS_UNMX_MEDOID_OTSU\LS_UNMX_OTSU_Grid_4_2018_05_01.tif
2018-11-07 03:27:07,476 :: root :: INFO :: Processing image 43 out of 66: C:\Users\samapriya\Documents\Fragmentation\LS_UNMX_MEDOID_OTSU\LS_UNMX_OTSU_Grid_4_2018_07_01.tif
2018-11-07 03:27:10,408 :: root :: INFO :: Processing image 44 out of 66: C:\Users\samapriya\Documents\Fragmentation\LS_UNMX_MEDOID_OTSU\LS_UNMX_OTSU_Grid_4_2018_09_01.tif
2018-11-07 03:27:13,121 :: root :: INFO :: Processing image 45 out of 66: C:\Users\samapriya\Documents\Fragmentation\LS_UNMX_MEDOID_OTSU\LS_UNMX_OTSU_Grid_5_2017_01_01.tif
2018-11-07 03:27:16,980 :: root :: INFO :: Processing image 46 out of 66: C:\Users\samapriya\Documents\Fragmentation\LS_UNMX_MEDOID_OTSU\LS_UNMX_OTSU_Grid_5_2017_03_01.tif
2018-11-07 03:27:21,427 :: root :: INFO :: Processing image 47 out of 66: C:\Users\samapriya\Documents\Fragmentation\LS_UNMX_MEDOID_OTSU\LS_UNMX_OTSU_Grid_5_2017_05_01.tif
2018-11-07 03:27:24,375 :: root :: INFO :: Processing image 48 out of 66: C:\Users\samapriya\Documents\Fragmentation\LS_UNMX_MEDOID_OTSU\LS_UNMX_OTSU_Grid_5_2017_07_01.tif
2018-11-07 03:27:26,917 :: root :: INFO :: Processing image 49 out of 66: C:\Users\samapriya\Documents\Fragmentation\LS_UNMX_MEDOID_OTSU\LS_UNMX_OTSU_Grid_5_2017_09_01.tif
2018-11-07 03:27:29,671 :: root :: INFO :: Processing image 50 out of 66: C:\Users\samapriya\Documents\Fragmentation\LS_UNMX_MEDOID_OTSU\LS_UNMX_OTSU_Grid_5_2017_11_01.tif
2018-11-07 03:27:32,352 :: root :: INFO :: Processing image 51 out of 66: C:\Users\samapriya\Documents\Fragmentation\LS_UNMX_MEDOID_OTSU\LS_UNMX_OTSU_Grid_5_2018_01_01.tif
2018-11-07 03:27:35,244 :: root :: INFO :: Processing image 52 out of 66: C:\Users\samapriya\Documents\Fragmentation\LS_UNMX_MEDOID_OTSU\LS_UNMX_OTSU_Grid_5_2018_03_01.tif
2018-11-07 03:27:38,081 :: root :: INFO :: Processing image 53 out of 66: C:\Users\samapriya\Documents\Fragmentation\LS_UNMX_MEDOID_OTSU\LS_UNMX_OTSU_Grid_5_2018_05_01.tif
2018-11-07 03:27:40,717 :: root :: INFO :: Processing image 54 out of 66: C:\Users\samapriya\Documents\Fragmentation\LS_UNMX_MEDOID_OTSU\LS_UNMX_OTSU_Grid_5_2018_07_01.tif
2018-11-07 03:27:43,474 :: root :: INFO :: Processing image 55 out of 66: C:\Users\samapriya\Documents\Fragmentation\LS_UNMX_MEDOID_OTSU\LS_UNMX_OTSU_Grid_5_2018_09_01.tif
2018-11-07 03:27:46,030 :: root :: INFO :: Processing image 56 out of 66: C:\Users\samapriya\Documents\Fragmentation\LS_UNMX_MEDOID_OTSU\LS_UNMX_OTSU_Grid_6_2017_01_01.tif
2018-11-07 03:27:49,355 :: root :: INFO :: Processing image 57 out of 66: C:\Users\samapriya\Documents\Fragmentation\LS_UNMX_MEDOID_OTSU\LS_UNMX_OTSU_Grid_6_2017_03_01.tif
2018-11-07 03:27:52,046 :: root :: INFO :: Processing image 58 out of 66: C:\Users\samapriya\Documents\Fragmentation\LS_UNMX_MEDOID_OTSU\LS_UNMX_OTSU_Grid_6_2017_05_01.tif
2018-11-07 03:27:54,608 :: root :: INFO :: Processing image 59 out of 66: C:\Users\samapriya\Documents\Fragmentation\LS_UNMX_MEDOID_OTSU\LS_UNMX_OTSU_Grid_6_2017_07_01.tif
2018-11-07 03:27:57,862 :: root :: INFO :: Processing image 60 out of 66: C:\Users\samapriya\Documents\Fragmentation\LS_UNMX_MEDOID_OTSU\LS_UNMX_OTSU_Grid_6_2017_09_01.tif
2018-11-07 03:28:00,368 :: root :: INFO :: Periodic check
2018-11-07 03:28:07,611 :: root :: INFO :: Processing image 61 out of 66: C:\Users\samapriya\Documents\Fragmentation\LS_UNMX_MEDOID_OTSU\LS_UNMX_OTSU_Grid_6_2017_11_01.tif
2018-11-07 03:28:12,286 :: root :: INFO :: Processing image 62 out of 66: C:\Users\samapriya\Documents\Fragmentation\LS_UNMX_MEDOID_OTSU\LS_UNMX_OTSU_Grid_6_2018_01_01.tif
2018-11-07 03:28:14,829 :: root :: INFO :: Processing image 63 out of 66: C:\Users\samapriya\Documents\Fragmentation\LS_UNMX_MEDOID_OTSU\LS_UNMX_OTSU_Grid_6_2018_03_01.tif
2018-11-07 03:28:17,526 :: root :: INFO :: Processing image 64 out of 66: C:\Users\samapriya\Documents\Fragmentation\LS_UNMX_MEDOID_OTSU\LS_UNMX_OTSU_Grid_6_2018_05_01.tif
2018-11-07 03:28:20,714 :: root :: INFO :: Processing image 65 out of 66: C:\Users\samapriya\Documents\Fragmentation\LS_UNMX_MEDOID_OTSU\LS_UNMX_OTSU_Grid_6_2018_07_01.tif
2018-11-07 03:28:23,351 :: root :: INFO :: Processing image 66 out of 66: C:\Users\samapriya\Documents\Fragmentation\LS_UNMX_MEDOID_OTSU\LS_UNMX_OTSU_Grid_6_2018_09_01.tif
2018-11-07 03:30:54,046 :: oauth2client.transport :: INFO :: Attempting refresh to obtain initial access_token
2018-11-07 03:30:54,049 :: oauth2client.client :: INFO :: Refreshing access_token
2018-11-07 03:31:03,186 :: root :: INFO :: New collection users/samapriya/LA_ANALYSIS/S2_UNMX_OTSU created
2018-11-07 03:31:03,759 :: root :: INFO :: Processing image 1 out of 66: C:\Users\samapriya\Documents\Fragmentation\S2_UNMX_MEDIAN_OTSU\S2_UNMX_OTSU_Grid_1_2017_01_01.tif
2018-11-07 03:31:10,773 :: root :: INFO :: Processing image 2 out of 66: C:\Users\samapriya\Documents\Fragmentation\S2_UNMX_MEDIAN_OTSU\S2_UNMX_OTSU_Grid_1_2017_03_01.tif
2018-11-07 03:31:14,214 :: root :: INFO :: Processing image 3 out of 66: C:\Users\samapriya\Documents\Fragmentation\S2_UNMX_MEDIAN_OTSU\S2_UNMX_OTSU_Grid_1_2017_05_01.tif
2018-11-07 03:31:18,392 :: root :: INFO :: Processing image 4 out of 66: C:\Users\samapriya\Documents\Fragmentation\S2_UNMX_MEDIAN_OTSU\S2_UNMX_OTSU_Grid_1_2017_07_01.tif
2018-11-07 03:31:22,089 :: root :: INFO :: Processing image 5 out of 66: C:\Users\samapriya\Documents\Fragmentation\S2_UNMX_MEDIAN_OTSU\S2_UNMX_OTSU_Grid_1_2017_09_01.tif
2018-11-07 03:31:26,036 :: root :: INFO :: Processing image 6 out of 66: C:\Users\samapriya\Documents\Fragmentation\S2_UNMX_MEDIAN_OTSU\S2_UNMX_OTSU_Grid_1_2017_11_01.tif
2018-11-07 03:31:29,654 :: root :: INFO :: Processing image 7 out of 66: C:\Users\samapriya\Documents\Fragmentation\S2_UNMX_MEDIAN_OTSU\S2_UNMX_OTSU_Grid_1_2018_01_01.tif
2018-11-07 03:31:32,395 :: root :: INFO :: Processing image 8 out of 66: C:\Users\samapriya\Documents\Fragmentation\S2_UNMX_MEDIAN_OTSU\S2_UNMX_OTSU_Grid_1_2018_03_01.tif
2018-11-07 03:31:36,203 :: root :: INFO :: Processing image 9 out of 66: C:\Users\samapriya\Documents\Fragmentation\S2_UNMX_MEDIAN_OTSU\S2_UNMX_OTSU_Grid_1_2018_05_01.tif
2018-11-07 03:31:39,921 :: root :: INFO :: Processing image 10 out of 66: C:\Users\samapriya\Documents\Fragmentation\S2_UNMX_MEDIAN_OTSU\S2_UNMX_OTSU_Grid_1_2018_07_01.tif
2018-11-07 03:31:42,680 :: root :: INFO :: Processing image 11 out of 66: C:\Users\samapriya\Documents\Fragmentation\S2_UNMX_MEDIAN_OTSU\S2_UNMX_OTSU_Grid_1_2018_09_01.tif
2018-11-07 03:31:45,480 :: root :: INFO :: Processing image 12 out of 66: C:\Users\samapriya\Documents\Fragmentation\S2_UNMX_MEDIAN_OTSU\S2_UNMX_OTSU_Grid_2_2017_01_01.tif
2018-11-07 03:31:48,059 :: root :: INFO :: Processing image 13 out of 66: C:\Users\samapriya\Documents\Fragmentation\S2_UNMX_MEDIAN_OTSU\S2_UNMX_OTSU_Grid_2_2017_03_01.tif
2018-11-07 03:31:51,257 :: root :: INFO :: Processing image 14 out of 66: C:\Users\samapriya\Documents\Fragmentation\S2_UNMX_MEDIAN_OTSU\S2_UNMX_OTSU_Grid_2_2017_05_01.tif
2018-11-07 03:31:54,140 :: root :: INFO :: Processing image 15 out of 66: C:\Users\samapriya\Documents\Fragmentation\S2_UNMX_MEDIAN_OTSU\S2_UNMX_OTSU_Grid_2_2017_07_01.tif
2018-11-07 03:31:56,775 :: root :: INFO :: Processing image 16 out of 66: C:\Users\samapriya\Documents\Fragmentation\S2_UNMX_MEDIAN_OTSU\S2_UNMX_OTSU_Grid_2_2017_09_01.tif
2018-11-07 03:31:59,556 :: root :: INFO :: Processing image 17 out of 66: C:\Users\samapriya\Documents\Fragmentation\S2_UNMX_MEDIAN_OTSU\S2_UNMX_OTSU_Grid_2_2017_11_01.tif
2018-11-07 03:32:02,263 :: root :: INFO :: Processing image 18 out of 66: C:\Users\samapriya\Documents\Fragmentation\S2_UNMX_MEDIAN_OTSU\S2_UNMX_OTSU_Grid_2_2018_01_01.tif
2018-11-07 03:32:05,418 :: root :: INFO :: Processing image 19 out of 66: C:\Users\samapriya\Documents\Fragmentation\S2_UNMX_MEDIAN_OTSU\S2_UNMX_OTSU_Grid_2_2018_03_01.tif
2018-11-07 03:32:08,318 :: root :: INFO :: Processing image 20 out of 66: C:\Users\samapriya\Documents\Fragmentation\S2_UNMX_MEDIAN_OTSU\S2_UNMX_OTSU_Grid_2_2018_05_01.tif
2018-11-07 03:32:10,717 :: root :: INFO :: Periodic check
2018-11-07 03:32:16,257 :: root :: INFO :: Processing image 21 out of 66: C:\Users\samapriya\Documents\Fragmentation\S2_UNMX_MEDIAN_OTSU\S2_UNMX_OTSU_Grid_2_2018_07_01.tif
2018-11-07 03:32:19,740 :: root :: INFO :: Processing image 22 out of 66: C:\Users\samapriya\Documents\Fragmentation\S2_UNMX_MEDIAN_OTSU\S2_UNMX_OTSU_Grid_2_2018_09_01.tif
2018-11-07 03:32:22,627 :: root :: INFO :: Processing image 23 out of 66: C:\Users\samapriya\Documents\Fragmentation\S2_UNMX_MEDIAN_OTSU\S2_UNMX_OTSU_Grid_3_2017_01_01.tif
2018-11-07 03:32:25,558 :: root :: INFO :: Processing image 24 out of 66: C:\Users\samapriya\Documents\Fragmentation\S2_UNMX_MEDIAN_OTSU\S2_UNMX_OTSU_Grid_3_2017_03_01.tif
2018-11-07 03:32:28,141 :: root :: INFO :: Processing image 25 out of 66: C:\Users\samapriya\Documents\Fragmentation\S2_UNMX_MEDIAN_OTSU\S2_UNMX_OTSU_Grid_3_2017_05_01.tif
2018-11-07 03:32:30,588 :: root :: INFO :: Processing image 26 out of 66: C:\Users\samapriya\Documents\Fragmentation\S2_UNMX_MEDIAN_OTSU\S2_UNMX_OTSU_Grid_3_2017_07_01.tif
2018-11-07 03:32:33,076 :: root :: INFO :: Processing image 27 out of 66: C:\Users\samapriya\Documents\Fragmentation\S2_UNMX_MEDIAN_OTSU\S2_UNMX_OTSU_Grid_3_2017_09_01.tif
2018-11-07 03:32:35,746 :: root :: INFO :: Processing image 28 out of 66: C:\Users\samapriya\Documents\Fragmentation\S2_UNMX_MEDIAN_OTSU\S2_UNMX_OTSU_Grid_3_2017_11_01.tif
2018-11-07 03:32:38,380 :: root :: INFO :: Processing image 29 out of 66: C:\Users\samapriya\Documents\Fragmentation\S2_UNMX_MEDIAN_OTSU\S2_UNMX_OTSU_Grid_3_2018_01_01.tif
2018-11-07 03:32:40,947 :: root :: INFO :: Processing image 30 out of 66: C:\Users\samapriya\Documents\Fragmentation\S2_UNMX_MEDIAN_OTSU\S2_UNMX_OTSU_Grid_3_2018_03_01.tif
2018-11-07 03:32:43,618 :: root :: INFO :: Processing image 31 out of 66: C:\Users\samapriya\Documents\Fragmentation\S2_UNMX_MEDIAN_OTSU\S2_UNMX_OTSU_Grid_3_2018_05_01.tif
2018-11-07 03:32:46,489 :: root :: INFO :: Processing image 32 out of 66: C:\Users\samapriya\Documents\Fragmentation\S2_UNMX_MEDIAN_OTSU\S2_UNMX_OTSU_Grid_3_2018_07_01.tif
2018-11-07 03:32:49,229 :: root :: INFO :: Processing image 33 out of 66: C:\Users\samapriya\Documents\Fragmentation\S2_UNMX_MEDIAN_OTSU\S2_UNMX_OTSU_Grid_3_2018_09_01.tif
2018-11-07 03:32:51,829 :: root :: INFO :: Processing image 34 out of 66: C:\Users\samapriya\Documents\Fragmentation\S2_UNMX_MEDIAN_OTSU\S2_UNMX_OTSU_Grid_4_2017_01_01.tif
2018-11-07 03:32:54,434 :: root :: INFO :: Processing image 35 out of 66: C:\Users\samapriya\Documents\Fragmentation\S2_UNMX_MEDIAN_OTSU\S2_UNMX_OTSU_Grid_4_2017_03_01.tif
2018-11-07 03:32:57,094 :: root :: INFO :: Processing image 36 out of 66: C:\Users\samapriya\Documents\Fragmentation\S2_UNMX_MEDIAN_OTSU\S2_UNMX_OTSU_Grid_4_2017_05_01.tif
2018-11-07 03:32:59,697 :: root :: INFO :: Processing image 37 out of 66: C:\Users\samapriya\Documents\Fragmentation\S2_UNMX_MEDIAN_OTSU\S2_UNMX_OTSU_Grid_4_2017_07_01.tif
2018-11-07 03:33:02,131 :: root :: INFO :: Processing image 38 out of 66: C:\Users\samapriya\Documents\Fragmentation\S2_UNMX_MEDIAN_OTSU\S2_UNMX_OTSU_Grid_4_2017_09_01.tif
2018-11-07 03:33:04,642 :: root :: INFO :: Processing image 39 out of 66: C:\Users\samapriya\Documents\Fragmentation\S2_UNMX_MEDIAN_OTSU\S2_UNMX_OTSU_Grid_4_2017_11_01.tif
2018-11-07 03:33:07,344 :: root :: INFO :: Processing image 40 out of 66: C:\Users\samapriya\Documents\Fragmentation\S2_UNMX_MEDIAN_OTSU\S2_UNMX_OTSU_Grid_4_2018_01_01.tif
2018-11-07 03:33:10,315 :: root :: INFO :: Periodic check
2018-11-07 03:33:17,792 :: root :: INFO :: Processing image 41 out of 66: C:\Users\samapriya\Documents\Fragmentation\S2_UNMX_MEDIAN_OTSU\S2_UNMX_OTSU_Grid_4_2018_03_01.tif
2018-11-07 03:33:20,361 :: root :: INFO :: Processing image 42 out of 66: C:\Users\samapriya\Documents\Fragmentation\S2_UNMX_MEDIAN_OTSU\S2_UNMX_OTSU_Grid_4_2018_05_01.tif
2018-11-07 03:33:23,174 :: root :: INFO :: Processing image 43 out of 66: C:\Users\samapriya\Documents\Fragmentation\S2_UNMX_MEDIAN_OTSU\S2_UNMX_OTSU_Grid_4_2018_07_01.tif
2018-11-07 03:33:25,957 :: root :: INFO :: Processing image 44 out of 66: C:\Users\samapriya\Documents\Fragmentation\S2_UNMX_MEDIAN_OTSU\S2_UNMX_OTSU_Grid_4_2018_09_01.tif
2018-11-07 03:33:28,513 :: root :: INFO :: Processing image 45 out of 66: C:\Users\samapriya\Documents\Fragmentation\S2_UNMX_MEDIAN_OTSU\S2_UNMX_OTSU_Grid_5_2017_01_01.tif
2018-11-07 03:33:31,062 :: root :: INFO :: Processing image 46 out of 66: C:\Users\samapriya\Documents\Fragmentation\S2_UNMX_MEDIAN_OTSU\S2_UNMX_OTSU_Grid_5_2017_03_01.tif
2018-11-07 03:33:33,786 :: root :: INFO :: Processing image 47 out of 66: C:\Users\samapriya\Documents\Fragmentation\S2_UNMX_MEDIAN_OTSU\S2_UNMX_OTSU_Grid_5_2017_05_01.tif
2018-11-07 03:33:37,289 :: root :: INFO :: Processing image 48 out of 66: C:\Users\samapriya\Documents\Fragmentation\S2_UNMX_MEDIAN_OTSU\S2_UNMX_OTSU_Grid_5_2017_07_01.tif
2018-11-07 03:33:39,926 :: root :: INFO :: Processing image 49 out of 66: C:\Users\samapriya\Documents\Fragmentation\S2_UNMX_MEDIAN_OTSU\S2_UNMX_OTSU_Grid_5_2017_09_01.tif
2018-11-07 03:33:43,282 :: root :: INFO :: Processing image 50 out of 66: C:\Users\samapriya\Documents\Fragmentation\S2_UNMX_MEDIAN_OTSU\S2_UNMX_OTSU_Grid_5_2017_11_01.tif
2018-11-07 03:33:46,019 :: root :: INFO :: Processing image 51 out of 66: C:\Users\samapriya\Documents\Fragmentation\S2_UNMX_MEDIAN_OTSU\S2_UNMX_OTSU_Grid_5_2018_01_01.tif
2018-11-07 03:33:48,740 :: root :: INFO :: Processing image 52 out of 66: C:\Users\samapriya\Documents\Fragmentation\S2_UNMX_MEDIAN_OTSU\S2_UNMX_OTSU_Grid_5_2018_03_01.tif
2018-11-07 03:33:51,358 :: root :: INFO :: Processing image 53 out of 66: C:\Users\samapriya\Documents\Fragmentation\S2_UNMX_MEDIAN_OTSU\S2_UNMX_OTSU_Grid_5_2018_05_01.tif
2018-11-07 03:33:54,441 :: root :: INFO :: Processing image 54 out of 66: C:\Users\samapriya\Documents\Fragmentation\S2_UNMX_MEDIAN_OTSU\S2_UNMX_OTSU_Grid_5_2018_07_01.tif
2018-11-07 03:33:57,957 :: root :: INFO :: Processing image 55 out of 66: C:\Users\samapriya\Documents\Fragmentation\S2_UNMX_MEDIAN_OTSU\S2_UNMX_OTSU_Grid_5_2018_09_01.tif
2018-11-07 03:34:00,908 :: root :: INFO :: Processing image 56 out of 66: C:\Users\samapriya\Documents\Fragmentation\S2_UNMX_MEDIAN_OTSU\S2_UNMX_OTSU_Grid_6_2017_01_01.tif
2018-11-07 03:34:04,061 :: root :: INFO :: Processing image 57 out of 66: C:\Users\samapriya\Documents\Fragmentation\S2_UNMX_MEDIAN_OTSU\S2_UNMX_OTSU_Grid_6_2017_03_01.tif
2018-11-07 03:34:07,098 :: root :: INFO :: Processing image 58 out of 66: C:\Users\samapriya\Documents\Fragmentation\S2_UNMX_MEDIAN_OTSU\S2_UNMX_OTSU_Grid_6_2017_05_01.tif
2018-11-07 03:34:09,677 :: root :: INFO :: Processing image 59 out of 66: C:\Users\samapriya\Documents\Fragmentation\S2_UNMX_MEDIAN_OTSU\S2_UNMX_OTSU_Grid_6_2017_07_01.tif
2018-11-07 03:34:12,625 :: root :: INFO :: Processing image 60 out of 66: C:\Users\samapriya\Documents\Fragmentation\S2_UNMX_MEDIAN_OTSU\S2_UNMX_OTSU_Grid_6_2017_09_01.tif
2018-11-07 03:34:16,362 :: root :: INFO :: Periodic check
2018-11-07 03:34:21,671 :: root :: INFO :: Processing image 61 out of 66: C:\Users\samapriya\Documents\Fragmentation\S2_UNMX_MEDIAN_OTSU\S2_UNMX_OTSU_Grid_6_2017_11_01.tif
2018-11-07 03:34:33,801 :: root :: INFO :: Processing image 62 out of 66: C:\Users\samapriya\Documents\Fragmentation\S2_UNMX_MEDIAN_OTSU\S2_UNMX_OTSU_Grid_6_2018_01_01.tif
2018-11-07 03:34:36,430 :: root :: INFO :: Processing image 63 out of 66: C:\Users\samapriya\Documents\Fragmentation\S2_UNMX_MEDIAN_OTSU\S2_UNMX_OTSU_Grid_6_2018_03_01.tif
2018-11-07 03:34:38,890 :: root :: INFO :: Processing image 64 out of 66: C:\Users\samapriya\Documents\Fragmentation\S2_UNMX_MEDIAN_OTSU\S2_UNMX_OTSU_Grid_6_2018_05_01.tif
2018-11-07 03:34:41,640 :: root :: INFO :: Processing image 65 out of 66: C:\Users\samapriya\Documents\Fragmentation\S2_UNMX_MEDIAN_OTSU\S2_UNMX_OTSU_Grid_6_2018_07_01.tif
2018-11-07 03:34:44,476 :: root :: INFO :: Processing image 66 out of 66: C:\Users\samapriya\Documents\Fragmentation\S2_UNMX_MEDIAN_OTSU\S2_UNMX_OTSU_Grid_6_2018_09_01.tif
2018-11-07 03:35:35,772 :: oauth2client.transport :: INFO :: Attempting refresh to obtain initial access_token
2018-11-07 03:35:35,786 :: oauth2client.client :: INFO :: Refreshing access_token
2018-11-07 03:35:44,545 :: root :: INFO :: New collection users/samapriya/LA_ANALYSIS/PS_UNMX_OTSU created
2018-11-07 03:35:45,048 :: root :: INFO :: Processing image 1 out of 66: C:\Users\samapriya\Documents\Fragmentation\PS_UNMX_MEDIAN_OTSU\PS_UNMX_OTSU_Grid_1_2017_01_01.tif
2018-11-07 03:35:53,664 :: root :: INFO :: Processing image 2 out of 66: C:\Users\samapriya\Documents\Fragmentation\PS_UNMX_MEDIAN_OTSU\PS_UNMX_OTSU_Grid_1_2017_03_01.tif
2018-11-07 03:35:57,720 :: root :: INFO :: Processing image 3 out of 66: C:\Users\samapriya\Documents\Fragmentation\PS_UNMX_MEDIAN_OTSU\PS_UNMX_OTSU_Grid_1_2017_05_01.tif
2018-11-07 03:36:03,822 :: root :: INFO :: Processing image 4 out of 66: C:\Users\samapriya\Documents\Fragmentation\PS_UNMX_MEDIAN_OTSU\PS_UNMX_OTSU_Grid_1_2017_07_01.tif
2018-11-07 03:36:08,579 :: root :: INFO :: Processing image 5 out of 66: C:\Users\samapriya\Documents\Fragmentation\PS_UNMX_MEDIAN_OTSU\PS_UNMX_OTSU_Grid_1_2017_09_01.tif
2018-11-07 03:36:12,644 :: root :: INFO :: Processing image 6 out of 66: C:\Users\samapriya\Documents\Fragmentation\PS_UNMX_MEDIAN_OTSU\PS_UNMX_OTSU_Grid_1_2017_11_01.tif
2018-11-07 03:36:17,696 :: root :: INFO :: Processing image 7 out of 66: C:\Users\samapriya\Documents\Fragmentation\PS_UNMX_MEDIAN_OTSU\PS_UNMX_OTSU_Grid_1_2018_01_01.tif
2018-11-07 03:36:21,667 :: root :: INFO :: Processing image 8 out of 66: C:\Users\samapriya\Documents\Fragmentation\PS_UNMX_MEDIAN_OTSU\PS_UNMX_OTSU_Grid_1_2018_03_01.tif
2018-11-07 03:36:25,832 :: root :: INFO :: Processing image 9 out of 66: C:\Users\samapriya\Documents\Fragmentation\PS_UNMX_MEDIAN_OTSU\PS_UNMX_OTSU_Grid_1_2018_05_01.tif
2018-11-07 03:36:30,530 :: root :: INFO :: Processing image 10 out of 66: C:\Users\samapriya\Documents\Fragmentation\PS_UNMX_MEDIAN_OTSU\PS_UNMX_OTSU_Grid_1_2018_07_01.tif
2018-11-07 03:36:35,017 :: root :: INFO :: Processing image 11 out of 66: C:\Users\samapriya\Documents\Fragmentation\PS_UNMX_MEDIAN_OTSU\PS_UNMX_OTSU_Grid_1_2018_09_01.tif
2018-11-07 03:36:39,447 :: root :: INFO :: Processing image 12 out of 66: C:\Users\samapriya\Documents\Fragmentation\PS_UNMX_MEDIAN_OTSU\PS_UNMX_OTSU_Grid_2_2017_01_01.tif
2018-11-07 03:36:43,769 :: root :: INFO :: Processing image 13 out of 66: C:\Users\samapriya\Documents\Fragmentation\PS_UNMX_MEDIAN_OTSU\PS_UNMX_OTSU_Grid_2_2017_03_01.tif
2018-11-07 03:36:47,710 :: root :: INFO :: Processing image 14 out of 66: C:\Users\samapriya\Documents\Fragmentation\PS_UNMX_MEDIAN_OTSU\PS_UNMX_OTSU_Grid_2_2017_05_01.tif
2018-11-07 03:36:52,026 :: root :: INFO :: Processing image 15 out of 66: C:\Users\samapriya\Documents\Fragmentation\PS_UNMX_MEDIAN_OTSU\PS_UNMX_OTSU_Grid_2_2017_07_01.tif
2018-11-07 03:36:56,256 :: root :: INFO :: Processing image 16 out of 66: C:\Users\samapriya\Documents\Fragmentation\PS_UNMX_MEDIAN_OTSU\PS_UNMX_OTSU_Grid_2_2017_09_01.tif
2018-11-07 03:37:00,469 :: root :: INFO :: Processing image 17 out of 66: C:\Users\samapriya\Documents\Fragmentation\PS_UNMX_MEDIAN_OTSU\PS_UNMX_OTSU_Grid_2_2017_11_01.tif
2018-11-07 03:37:04,950 :: root :: INFO :: Processing image 18 out of 66: C:\Users\samapriya\Documents\Fragmentation\PS_UNMX_MEDIAN_OTSU\PS_UNMX_OTSU_Grid_2_2018_01_01.tif
2018-11-07 03:37:09,223 :: root :: INFO :: Processing image 19 out of 66: C:\Users\samapriya\Documents\Fragmentation\PS_UNMX_MEDIAN_OTSU\PS_UNMX_OTSU_Grid_2_2018_03_01.tif
2018-11-07 03:37:17,280 :: root :: INFO :: Processing image 20 out of 66: C:\Users\samapriya\Documents\Fragmentation\PS_UNMX_MEDIAN_OTSU\PS_UNMX_OTSU_Grid_2_2018_05_01.tif
2018-11-07 03:37:22,904 :: root :: INFO :: Periodic check
2018-11-07 03:37:28,908 :: root :: INFO :: Processing image 21 out of 66: C:\Users\samapriya\Documents\Fragmentation\PS_UNMX_MEDIAN_OTSU\PS_UNMX_OTSU_Grid_2_2018_07_01.tif
2018-11-07 03:37:34,855 :: root :: INFO :: Processing image 22 out of 66: C:\Users\samapriya\Documents\Fragmentation\PS_UNMX_MEDIAN_OTSU\PS_UNMX_OTSU_Grid_2_2018_09_01.tif
2018-11-07 03:37:38,957 :: root :: INFO :: Processing image 23 out of 66: C:\Users\samapriya\Documents\Fragmentation\PS_UNMX_MEDIAN_OTSU\PS_UNMX_OTSU_Grid_3_2017_01_01.tif
2018-11-07 03:37:43,309 :: root :: INFO :: Processing image 24 out of 66: C:\Users\samapriya\Documents\Fragmentation\PS_UNMX_MEDIAN_OTSU\PS_UNMX_OTSU_Grid_3_2017_03_01.tif
2018-11-07 03:37:47,299 :: root :: INFO :: Processing image 25 out of 66: C:\Users\samapriya\Documents\Fragmentation\PS_UNMX_MEDIAN_OTSU\PS_UNMX_OTSU_Grid_3_2017_05_01.tif
2018-11-07 03:37:51,470 :: root :: INFO :: Processing image 26 out of 66: C:\Users\samapriya\Documents\Fragmentation\PS_UNMX_MEDIAN_OTSU\PS_UNMX_OTSU_Grid_3_2017_07_01.tif
2018-11-07 03:37:55,914 :: root :: INFO :: Processing image 27 out of 66: C:\Users\samapriya\Documents\Fragmentation\PS_UNMX_MEDIAN_OTSU\PS_UNMX_OTSU_Grid_3_2017_09_01.tif
2018-11-07 03:38:00,658 :: root :: INFO :: Processing image 28 out of 66: C:\Users\samapriya\Documents\Fragmentation\PS_UNMX_MEDIAN_OTSU\PS_UNMX_OTSU_Grid_3_2017_11_01.tif
2018-11-07 03:38:05,150 :: root :: INFO :: Processing image 29 out of 66: C:\Users\samapriya\Documents\Fragmentation\PS_UNMX_MEDIAN_OTSU\PS_UNMX_OTSU_Grid_3_2018_01_01.tif
2018-11-07 03:38:09,305 :: root :: INFO :: Processing image 30 out of 66: C:\Users\samapriya\Documents\Fragmentation\PS_UNMX_MEDIAN_OTSU\PS_UNMX_OTSU_Grid_3_2018_03_01.tif
2018-11-07 03:38:13,276 :: root :: INFO :: Processing image 31 out of 66: C:\Users\samapriya\Documents\Fragmentation\PS_UNMX_MEDIAN_OTSU\PS_UNMX_OTSU_Grid_3_2018_05_01.tif
2018-11-07 03:38:17,628 :: root :: INFO :: Processing image 32 out of 66: C:\Users\samapriya\Documents\Fragmentation\PS_UNMX_MEDIAN_OTSU\PS_UNMX_OTSU_Grid_3_2018_07_01.tif
2018-11-07 03:38:21,634 :: root :: INFO :: Processing image 33 out of 66: C:\Users\samapriya\Documents\Fragmentation\PS_UNMX_MEDIAN_OTSU\PS_UNMX_OTSU_Grid_3_2018_09_01.tif
2018-11-07 03:38:26,572 :: root :: INFO :: Processing image 34 out of 66: C:\Users\samapriya\Documents\Fragmentation\PS_UNMX_MEDIAN_OTSU\PS_UNMX_OTSU_Grid_4_2017_01_01.tif
2018-11-07 03:38:31,990 :: root :: INFO :: Processing image 35 out of 66: C:\Users\samapriya\Documents\Fragmentation\PS_UNMX_MEDIAN_OTSU\PS_UNMX_OTSU_Grid_4_2017_03_01.tif
2018-11-07 03:38:36,312 :: root :: INFO :: Processing image 36 out of 66: C:\Users\samapriya\Documents\Fragmentation\PS_UNMX_MEDIAN_OTSU\PS_UNMX_OTSU_Grid_4_2017_05_01.tif
2018-11-07 03:38:40,601 :: root :: INFO :: Processing image 37 out of 66: C:\Users\samapriya\Documents\Fragmentation\PS_UNMX_MEDIAN_OTSU\PS_UNMX_OTSU_Grid_4_2017_07_01.tif
2018-11-07 03:38:44,625 :: root :: INFO :: Processing image 38 out of 66: C:\Users\samapriya\Documents\Fragmentation\PS_UNMX_MEDIAN_OTSU\PS_UNMX_OTSU_Grid_4_2017_09_01.tif
2018-11-07 03:38:48,966 :: root :: INFO :: Processing image 39 out of 66: C:\Users\samapriya\Documents\Fragmentation\PS_UNMX_MEDIAN_OTSU\PS_UNMX_OTSU_Grid_4_2017_11_01.tif
2018-11-07 03:38:53,109 :: root :: INFO :: Processing image 40 out of 66: C:\Users\samapriya\Documents\Fragmentation\PS_UNMX_MEDIAN_OTSU\PS_UNMX_OTSU_Grid_4_2018_01_01.tif
2018-11-07 03:38:57,368 :: root :: INFO :: Periodic check
2018-11-07 03:39:03,605 :: root :: INFO :: Processing image 41 out of 66: C:\Users\samapriya\Documents\Fragmentation\PS_UNMX_MEDIAN_OTSU\PS_UNMX_OTSU_Grid_4_2018_03_01.tif
2018-11-07 03:39:08,516 :: root :: INFO :: Processing image 42 out of 66: C:\Users\samapriya\Documents\Fragmentation\PS_UNMX_MEDIAN_OTSU\PS_UNMX_OTSU_Grid_4_2018_05_01.tif
2018-11-07 03:39:13,395 :: root :: INFO :: Processing image 43 out of 66: C:\Users\samapriya\Documents\Fragmentation\PS_UNMX_MEDIAN_OTSU\PS_UNMX_OTSU_Grid_4_2018_07_01.tif
2018-11-07 03:39:17,513 :: root :: INFO :: Processing image 44 out of 66: C:\Users\samapriya\Documents\Fragmentation\PS_UNMX_MEDIAN_OTSU\PS_UNMX_OTSU_Grid_4_2018_09_01.tif
2018-11-07 03:39:21,940 :: root :: INFO :: Processing image 45 out of 66: C:\Users\samapriya\Documents\Fragmentation\PS_UNMX_MEDIAN_OTSU\PS_UNMX_OTSU_Grid_5_2017_01_01.tif
2018-11-07 03:39:26,486 :: root :: INFO :: Processing image 46 out of 66: C:\Users\samapriya\Documents\Fragmentation\PS_UNMX_MEDIAN_OTSU\PS_UNMX_OTSU_Grid_5_2017_03_01.tif
2018-11-07 03:39:47,033 :: root :: INFO :: Processing image 47 out of 66: C:\Users\samapriya\Documents\Fragmentation\PS_UNMX_MEDIAN_OTSU\PS_UNMX_OTSU_Grid_5_2017_05_01.tif
2018-11-07 03:39:56,019 :: root :: INFO :: Processing image 48 out of 66: C:\Users\samapriya\Documents\Fragmentation\PS_UNMX_MEDIAN_OTSU\PS_UNMX_OTSU_Grid_5_2017_07_01.tif
2018-11-07 03:40:00,470 :: root :: INFO :: Processing image 49 out of 66: C:\Users\samapriya\Documents\Fragmentation\PS_UNMX_MEDIAN_OTSU\PS_UNMX_OTSU_Grid_5_2017_09_01.tif
2018-11-07 03:40:05,388 :: root :: INFO :: Processing image 50 out of 66: C:\Users\samapriya\Documents\Fragmentation\PS_UNMX_MEDIAN_OTSU\PS_UNMX_OTSU_Grid_5_2017_11_01.tif
2018-11-07 03:40:09,805 :: root :: INFO :: Processing image 51 out of 66: C:\Users\samapriya\Documents\Fragmentation\PS_UNMX_MEDIAN_OTSU\PS_UNMX_OTSU_Grid_5_2018_01_01.tif
2018-11-07 03:40:14,959 :: root :: INFO :: Processing image 52 out of 66: C:\Users\samapriya\Documents\Fragmentation\PS_UNMX_MEDIAN_OTSU\PS_UNMX_OTSU_Grid_5_2018_03_01.tif
2018-11-07 03:40:19,164 :: root :: INFO :: Processing image 53 out of 66: C:\Users\samapriya\Documents\Fragmentation\PS_UNMX_MEDIAN_OTSU\PS_UNMX_OTSU_Grid_5_2018_05_01.tif
2018-11-07 03:40:23,917 :: root :: INFO :: Processing image 54 out of 66: C:\Users\samapriya\Documents\Fragmentation\PS_UNMX_MEDIAN_OTSU\PS_UNMX_OTSU_Grid_5_2018_07_01.tif
2018-11-07 03:40:28,436 :: root :: INFO :: Processing image 55 out of 66: C:\Users\samapriya\Documents\Fragmentation\PS_UNMX_MEDIAN_OTSU\PS_UNMX_OTSU_Grid_5_2018_09_01.tif
2018-11-07 03:40:32,926 :: root :: INFO :: Processing image 56 out of 66: C:\Users\samapriya\Documents\Fragmentation\PS_UNMX_MEDIAN_OTSU\PS_UNMX_OTSU_Grid_6_2017_01_01.tif
2018-11-07 03:40:38,552 :: root :: INFO :: Processing image 57 out of 66: C:\Users\samapriya\Documents\Fragmentation\PS_UNMX_MEDIAN_OTSU\PS_UNMX_OTSU_Grid_6_2017_03_01.tif
2018-11-07 03:40:43,303 :: root :: INFO :: Processing image 58 out of 66: C:\Users\samapriya\Documents\Fragmentation\PS_UNMX_MEDIAN_OTSU\PS_UNMX_OTSU_Grid_6_2017_05_01.tif
2018-11-07 03:40:47,592 :: root :: INFO :: Processing image 59 out of 66: C:\Users\samapriya\Documents\Fragmentation\PS_UNMX_MEDIAN_OTSU\PS_UNMX_OTSU_Grid_6_2017_07_01.tif
2018-11-07 03:40:51,696 :: root :: INFO :: Processing image 60 out of 66: C:\Users\samapriya\Documents\Fragmentation\PS_UNMX_MEDIAN_OTSU\PS_UNMX_OTSU_Grid_6_2017_09_01.tif
2018-11-07 03:40:56,101 :: root :: INFO :: Periodic check
2018-11-07 03:41:01,983 :: root :: INFO :: Processing image 61 out of 66: C:\Users\samapriya\Documents\Fragmentation\PS_UNMX_MEDIAN_OTSU\PS_UNMX_OTSU_Grid_6_2017_11_01.tif
2018-11-07 03:41:06,239 :: root :: INFO :: Processing image 62 out of 66: C:\Users\samapriya\Documents\Fragmentation\PS_UNMX_MEDIAN_OTSU\PS_UNMX_OTSU_Grid_6_2018_01_01.tif
2018-11-07 03:41:10,384 :: root :: INFO :: Processing image 63 out of 66: C:\Users\samapriya\Documents\Fragmentation\PS_UNMX_MEDIAN_OTSU\PS_UNMX_OTSU_Grid_6_2018_03_01.tif
2018-11-07 03:41:14,960 :: root :: INFO :: Processing image 64 out of 66: C:\Users\samapriya\Documents\Fragmentation\PS_UNMX_MEDIAN_OTSU\PS_UNMX_OTSU_Grid_6_2018_05_01.tif
2018-11-07 03:41:19,025 :: root :: INFO :: Processing image 65 out of 66: C:\Users\samapriya\Documents\Fragmentation\PS_UNMX_MEDIAN_OTSU\PS_UNMX_OTSU_Grid_6_2018_07_01.tif
2018-11-07 03:41:23,174 :: root :: INFO :: Processing image 66 out of 66: C:\Users\samapriya\Documents\Fragmentation\PS_UNMX_MEDIAN_OTSU\PS_UNMX_OTSU_Grid_6_2018_09_01.tif
2018-11-07 10:50:44,312 :: oauth2client.transport :: INFO :: Attempting refresh to obtain initial access_token
2018-11-07 10:50:44,328 :: oauth2client.client :: INFO :: Refreshing access_token
2018-11-07 10:50:53,095 :: root :: INFO :: New collection users/samapriya/LA_ANALYSIS/PS_UNMIXED created
2018-11-07 10:50:53,720 :: root :: INFO :: Processing image 1 out of 66: C:\Users\samapriya\Documents\Fragmentation\PS_UNMX_MEDIAN\PS_UNMX_Grid_1_2017_01_01.tif
2018-11-07 10:53:05,601 :: root :: INFO :: Processing image 2 out of 66: C:\Users\samapriya\Documents\Fragmentation\PS_UNMX_MEDIAN\PS_UNMX_Grid_1_2017_03_01.tif
2018-11-07 10:55:44,983 :: root :: INFO :: Processing image 3 out of 66: C:\Users\samapriya\Documents\Fragmentation\PS_UNMX_MEDIAN\PS_UNMX_Grid_1_2017_05_01.tif
2018-11-07 10:58:40,602 :: root :: INFO :: Processing image 4 out of 66: C:\Users\samapriya\Documents\Fragmentation\PS_UNMX_MEDIAN\PS_UNMX_Grid_1_2017_07_01.tif
2018-11-07 11:01:18,023 :: root :: INFO :: Processing image 5 out of 66: C:\Users\samapriya\Documents\Fragmentation\PS_UNMX_MEDIAN\PS_UNMX_Grid_1_2017_09_01.tif
2018-11-07 11:03:59,806 :: root :: INFO :: Processing image 6 out of 66: C:\Users\samapriya\Documents\Fragmentation\PS_UNMX_MEDIAN\PS_UNMX_Grid_1_2017_11_01.tif
2018-11-07 11:06:15,351 :: root :: INFO :: Processing image 7 out of 66: C:\Users\samapriya\Documents\Fragmentation\PS_UNMX_MEDIAN\PS_UNMX_Grid_1_2018_01_01.tif
2018-11-07 11:08:40,184 :: root :: INFO :: Processing image 8 out of 66: C:\Users\samapriya\Documents\Fragmentation\PS_UNMX_MEDIAN\PS_UNMX_Grid_1_2018_03_01.tif
2018-11-07 11:11:13,069 :: root :: INFO :: Processing image 9 out of 66: C:\Users\samapriya\Documents\Fragmentation\PS_UNMX_MEDIAN\PS_UNMX_Grid_1_2018_05_01.tif
2018-11-07 11:13:33,142 :: root :: INFO :: Processing image 10 out of 66: C:\Users\samapriya\Documents\Fragmentation\PS_UNMX_MEDIAN\PS_UNMX_Grid_1_2018_07_01.tif
2018-11-07 11:16:11,539 :: root :: INFO :: Processing image 11 out of 66: C:\Users\samapriya\Documents\Fragmentation\PS_UNMX_MEDIAN\PS_UNMX_Grid_1_2018_09_01.tif
2018-11-07 11:18:49,914 :: root :: INFO :: Processing image 12 out of 66: C:\Users\samapriya\Documents\Fragmentation\PS_UNMX_MEDIAN\PS_UNMX_Grid_2_2017_01_01.tif
2018-11-07 11:20:51,803 :: root :: INFO :: Processing image 13 out of 66: C:\Users\samapriya\Documents\Fragmentation\PS_UNMX_MEDIAN\PS_UNMX_Grid_2_2017_03_01.tif
2018-11-07 11:22:45,196 :: root :: INFO :: Processing image 14 out of 66: C:\Users\samapriya\Documents\Fragmentation\PS_UNMX_MEDIAN\PS_UNMX_Grid_2_2017_05_01.tif
2018-11-07 11:24:55,052 :: root :: INFO :: Processing image 15 out of 66: C:\Users\samapriya\Documents\Fragmentation\PS_UNMX_MEDIAN\PS_UNMX_Grid_2_2017_07_01.tif
2018-11-07 11:26:44,943 :: root :: INFO :: Processing image 16 out of 66: C:\Users\samapriya\Documents\Fragmentation\PS_UNMX_MEDIAN\PS_UNMX_Grid_2_2017_09_01.tif
2018-11-07 11:28:30,423 :: root :: INFO :: Processing image 17 out of 66: C:\Users\samapriya\Documents\Fragmentation\PS_UNMX_MEDIAN\PS_UNMX_Grid_2_2017_11_01.tif
2018-11-07 11:30:36,628 :: root :: INFO :: Processing image 18 out of 66: C:\Users\samapriya\Documents\Fragmentation\PS_UNMX_MEDIAN\PS_UNMX_Grid_2_2018_01_01.tif
2018-11-07 11:32:47,095 :: root :: INFO :: Processing image 19 out of 66: C:\Users\samapriya\Documents\Fragmentation\PS_UNMX_MEDIAN\PS_UNMX_Grid_2_2018_03_01.tif
2018-11-07 11:34:24,770 :: root :: INFO :: Processing image 20 out of 66: C:\Users\samapriya\Documents\Fragmentation\PS_UNMX_MEDIAN\PS_UNMX_Grid_2_2018_05_01.tif
2018-11-07 11:35:59,151 :: root :: INFO :: Periodic check
2018-11-07 11:35:59,519 :: root :: ERROR :: Ingestion of image PS_UNMX_Grid_1_2018_05_01 has failed with message Internal error.
2018-11-07 11:36:06,918 :: root :: INFO :: Processing image 21 out of 66: C:\Users\samapriya\Documents\Fragmentation\PS_UNMX_MEDIAN\PS_UNMX_Grid_2_2018_07_01.tif
2018-11-07 11:38:06,789 :: root :: INFO :: Processing image 22 out of 66: C:\Users\samapriya\Documents\Fragmentation\PS_UNMX_MEDIAN\PS_UNMX_Grid_2_2018_09_01.tif
2018-11-07 11:39:52,403 :: root :: INFO :: Processing image 23 out of 66: C:\Users\samapriya\Documents\Fragmentation\PS_UNMX_MEDIAN\PS_UNMX_Grid_3_2017_01_01.tif
2018-11-07 11:42:31,187 :: root :: INFO :: Processing image 24 out of 66: C:\Users\samapriya\Documents\Fragmentation\PS_UNMX_MEDIAN\PS_UNMX_Grid_3_2017_03_01.tif
2018-11-07 11:44:49,408 :: root :: INFO :: Processing image 25 out of 66: C:\Users\samapriya\Documents\Fragmentation\PS_UNMX_MEDIAN\PS_UNMX_Grid_3_2017_05_01.tif
2018-11-07 11:47:03,700 :: root :: INFO :: Processing image 26 out of 66: C:\Users\samapriya\Documents\Fragmentation\PS_UNMX_MEDIAN\PS_UNMX_Grid_3_2017_07_01.tif
2018-11-07 11:49:12,936 :: root :: INFO :: Processing image 27 out of 66: C:\Users\samapriya\Documents\Fragmentation\PS_UNMX_MEDIAN\PS_UNMX_Grid_3_2017_09_01.tif
2018-11-07 11:51:19,759 :: oauth2client.transport :: INFO :: Refreshing due to a 401 (attempt 1/2)
2018-11-07 11:51:19,762 :: oauth2client.client :: INFO :: Refreshing access_token
2018-11-07 11:51:20,743 :: root :: INFO :: Processing image 28 out of 66: C:\Users\samapriya\Documents\Fragmentation\PS_UNMX_MEDIAN\PS_UNMX_Grid_3_2017_11_01.tif
2018-11-07 11:53:41,210 :: root :: INFO :: Processing image 29 out of 66: C:\Users\samapriya\Documents\Fragmentation\PS_UNMX_MEDIAN\PS_UNMX_Grid_3_2018_01_01.tif
2018-11-07 11:56:02,808 :: root :: INFO :: Processing image 30 out of 66: C:\Users\samapriya\Documents\Fragmentation\PS_UNMX_MEDIAN\PS_UNMX_Grid_3_2018_03_01.tif
2018-11-07 11:58:14,927 :: root :: INFO :: Processing image 31 out of 66: C:\Users\samapriya\Documents\Fragmentation\PS_UNMX_MEDIAN\PS_UNMX_Grid_3_2018_05_01.tif
2018-11-07 12:00:06,153 :: root :: INFO :: Processing image 32 out of 66: C:\Users\samapriya\Documents\Fragmentation\PS_UNMX_MEDIAN\PS_UNMX_Grid_3_2018_07_01.tif
2018-11-07 12:02:34,000 :: root :: INFO :: Processing image 33 out of 66: C:\Users\samapriya\Documents\Fragmentation\PS_UNMX_MEDIAN\PS_UNMX_Grid_3_2018_09_01.tif
2018-11-07 12:05:08,533 :: root :: INFO :: Processing image 34 out of 66: C:\Users\samapriya\Documents\Fragmentation\PS_UNMX_MEDIAN\PS_UNMX_Grid_4_2017_01_01.tif
2018-11-07 12:07:30,510 :: root :: INFO :: Processing image 35 out of 66: C:\Users\samapriya\Documents\Fragmentation\PS_UNMX_MEDIAN\PS_UNMX_Grid_4_2017_03_01.tif
2018-11-07 12:10:34,295 :: root :: INFO :: Processing image 36 out of 66: C:\Users\samapriya\Documents\Fragmentation\PS_UNMX_MEDIAN\PS_UNMX_Grid_4_2017_05_01.tif
2018-11-07 12:13:07,792 :: root :: INFO :: Processing image 37 out of 66: C:\Users\samapriya\Documents\Fragmentation\PS_UNMX_MEDIAN\PS_UNMX_Grid_4_2017_07_01.tif
2018-11-07 12:13:55,716 :: root :: ERROR :: Upload of PS_UNMX_Grid_4_2017_07_01 has failed.
Traceback (most recent call last):
  File "C:\Users\samapriya\Box Sync\IUB\Pycodes\Applications and Tools\Github_Main_Tools\geeadd_main\geeadd_2.6\geeadd\batch_uploader.py", line 94, in upload
    use_multipart=multipart_upload)
  File "C:\Python27\ArcGIS10.6\lib\site-packages\retrying.py", line 49, in wrapped_f
    return Retrying(*dargs, **dkw).call(f, *args, **kw)
  File "C:\Python27\ArcGIS10.6\lib\site-packages\retrying.py", line 206, in call
    return attempt.get(self._wrap_exception)
  File "C:\Python27\ArcGIS10.6\lib\site-packages\retrying.py", line 247, in get
    six.reraise(self.value[0], self.value[1], self.value[2])
  File "C:\Python27\ArcGIS10.6\lib\site-packages\retrying.py", line 200, in call
    attempt = Attempt(fn(*args, **kwargs), attempt_number, False)
  File "C:\Users\samapriya\Box Sync\IUB\Pycodes\Applications and Tools\Github_Main_Tools\geeadd_main\geeadd_2.6\geeadd\batch_uploader.py", line 270, in __upload_file_gee
    resp = session.post(upload_url, data=datagen,headers=headers)
  File "C:\Python27\ArcGIS10.6\lib\site-packages\requests\sessions.py", line 559, in post
    return self.request('POST', url, data=data, json=json, **kwargs)
  File "C:\Python27\ArcGIS10.6\lib\site-packages\requests\sessions.py", line 512, in request
    resp = self.send(prep, **send_kwargs)
  File "C:\Python27\ArcGIS10.6\lib\site-packages\requests\sessions.py", line 622, in send
    r = adapter.send(request, **kwargs)
  File "C:\Python27\ArcGIS10.6\lib\site-packages\requests\adapters.py", line 495, in send
    raise ConnectionError(err, request=request)
ConnectionError: ('Connection aborted.', error("(-1, 'Unexpected EOF')",))
2018-11-07 12:13:55,742 :: root :: INFO :: Processing image 38 out of 66: C:\Users\samapriya\Documents\Fragmentation\PS_UNMX_MEDIAN\PS_UNMX_Grid_4_2017_09_01.tif
2018-11-07 12:16:43,078 :: root :: INFO :: Processing image 39 out of 66: C:\Users\samapriya\Documents\Fragmentation\PS_UNMX_MEDIAN\PS_UNMX_Grid_4_2017_11_01.tif
2018-11-07 12:18:59,346 :: root :: INFO :: Processing image 40 out of 66: C:\Users\samapriya\Documents\Fragmentation\PS_UNMX_MEDIAN\PS_UNMX_Grid_4_2018_01_01.tif
2018-11-07 12:20:48,285 :: root :: INFO :: Periodic check
2018-11-07 12:21:00,252 :: root :: INFO :: Processing image 41 out of 66: C:\Users\samapriya\Documents\Fragmentation\PS_UNMX_MEDIAN\PS_UNMX_Grid_4_2018_03_01.tif
2018-11-07 12:23:10,578 :: root :: INFO :: Processing image 42 out of 66: C:\Users\samapriya\Documents\Fragmentation\PS_UNMX_MEDIAN\PS_UNMX_Grid_4_2018_05_01.tif
2018-11-07 12:25:27,878 :: root :: INFO :: Processing image 43 out of 66: C:\Users\samapriya\Documents\Fragmentation\PS_UNMX_MEDIAN\PS_UNMX_Grid_4_2018_07_01.tif
2018-11-07 12:28:57,069 :: root :: INFO :: Processing image 44 out of 66: C:\Users\samapriya\Documents\Fragmentation\PS_UNMX_MEDIAN\PS_UNMX_Grid_4_2018_09_01.tif
2018-11-07 12:32:16,413 :: root :: INFO :: Processing image 45 out of 66: C:\Users\samapriya\Documents\Fragmentation\PS_UNMX_MEDIAN\PS_UNMX_Grid_5_2017_01_01.tif
2018-11-07 12:34:05,487 :: root :: INFO :: Processing image 46 out of 66: C:\Users\samapriya\Documents\Fragmentation\PS_UNMX_MEDIAN\PS_UNMX_Grid_5_2017_03_01.tif
2018-11-07 12:36:56,062 :: root :: INFO :: Processing image 47 out of 66: C:\Users\samapriya\Documents\Fragmentation\PS_UNMX_MEDIAN\PS_UNMX_Grid_5_2017_05_01.tif
2018-11-07 12:39:43,719 :: root :: INFO :: Processing image 48 out of 66: C:\Users\samapriya\Documents\Fragmentation\PS_UNMX_MEDIAN\PS_UNMX_Grid_5_2017_07_01.tif
2018-11-07 12:42:39,184 :: root :: INFO :: Processing image 49 out of 66: C:\Users\samapriya\Documents\Fragmentation\PS_UNMX_MEDIAN\PS_UNMX_Grid_5_2017_09_01.tif
2018-11-07 12:45:24,845 :: root :: INFO :: Processing image 50 out of 66: C:\Users\samapriya\Documents\Fragmentation\PS_UNMX_MEDIAN\PS_UNMX_Grid_5_2017_11_01.tif
2018-11-07 12:48:05,263 :: root :: INFO :: Processing image 51 out of 66: C:\Users\samapriya\Documents\Fragmentation\PS_UNMX_MEDIAN\PS_UNMX_Grid_5_2018_01_01.tif
2018-11-07 12:50:23,812 :: root :: INFO :: Processing image 52 out of 66: C:\Users\samapriya\Documents\Fragmentation\PS_UNMX_MEDIAN\PS_UNMX_Grid_5_2018_03_01.tif
2018-11-07 12:52:46,901 :: oauth2client.transport :: INFO :: Refreshing due to a 401 (attempt 1/2)
2018-11-07 12:52:46,917 :: oauth2client.client :: INFO :: Refreshing access_token
2018-11-07 12:52:48,319 :: root :: INFO :: Processing image 53 out of 66: C:\Users\samapriya\Documents\Fragmentation\PS_UNMX_MEDIAN\PS_UNMX_Grid_5_2018_05_01.tif
2018-11-07 12:55:10,805 :: root :: INFO :: Processing image 54 out of 66: C:\Users\samapriya\Documents\Fragmentation\PS_UNMX_MEDIAN\PS_UNMX_Grid_5_2018_07_01.tif
2018-11-07 12:57:34,286 :: root :: INFO :: Processing image 55 out of 66: C:\Users\samapriya\Documents\Fragmentation\PS_UNMX_MEDIAN\PS_UNMX_Grid_5_2018_09_01.tif
2018-11-07 12:59:58,944 :: root :: INFO :: Processing image 56 out of 66: C:\Users\samapriya\Documents\Fragmentation\PS_UNMX_MEDIAN\PS_UNMX_Grid_6_2017_01_01.tif
2018-11-07 13:02:56,776 :: root :: INFO :: Processing image 57 out of 66: C:\Users\samapriya\Documents\Fragmentation\PS_UNMX_MEDIAN\PS_UNMX_Grid_6_2017_03_01.tif
2018-11-07 13:05:41,584 :: root :: INFO :: Processing image 58 out of 66: C:\Users\samapriya\Documents\Fragmentation\PS_UNMX_MEDIAN\PS_UNMX_Grid_6_2017_05_01.tif
2018-11-07 13:08:51,071 :: root :: INFO :: Processing image 59 out of 66: C:\Users\samapriya\Documents\Fragmentation\PS_UNMX_MEDIAN\PS_UNMX_Grid_6_2017_07_01.tif
2018-11-07 13:12:17,348 :: root :: INFO :: Processing image 60 out of 66: C:\Users\samapriya\Documents\Fragmentation\PS_UNMX_MEDIAN\PS_UNMX_Grid_6_2017_09_01.tif
2018-11-07 13:15:24,223 :: root :: INFO :: Periodic check
2018-11-07 13:15:35,411 :: root :: INFO :: Processing image 61 out of 66: C:\Users\samapriya\Documents\Fragmentation\PS_UNMX_MEDIAN\PS_UNMX_Grid_6_2017_11_01.tif
2018-11-07 13:18:07,694 :: root :: INFO :: Processing image 62 out of 66: C:\Users\samapriya\Documents\Fragmentation\PS_UNMX_MEDIAN\PS_UNMX_Grid_6_2018_01_01.tif
2018-11-07 13:20:29,058 :: root :: INFO :: Processing image 63 out of 66: C:\Users\samapriya\Documents\Fragmentation\PS_UNMX_MEDIAN\PS_UNMX_Grid_6_2018_03_01.tif
2018-11-07 13:23:35,828 :: root :: INFO :: Processing image 64 out of 66: C:\Users\samapriya\Documents\Fragmentation\PS_UNMX_MEDIAN\PS_UNMX_Grid_6_2018_05_01.tif
2018-11-07 13:26:55,782 :: root :: INFO :: Processing image 65 out of 66: C:\Users\samapriya\Documents\Fragmentation\PS_UNMX_MEDIAN\PS_UNMX_Grid_6_2018_07_01.tif
2018-11-07 13:29:41,976 :: root :: INFO :: Processing image 66 out of 66: C:\Users\samapriya\Documents\Fragmentation\PS_UNMX_MEDIAN\PS_UNMX_Grid_6_2018_09_01.tif
2018-11-07 13:50:26,483 :: oauth2client.transport :: INFO :: Attempting refresh to obtain initial access_token
2018-11-07 13:50:26,486 :: oauth2client.client :: INFO :: Refreshing access_token
2018-11-07 13:50:35,266 :: root :: WARNING :: Collection users/samapriya/LA_ANALYSIS/PS_UNMIXED already exists
2018-11-07 13:50:36,581 :: root :: INFO :: Collection already exists. 2 assets left for upload to users/samapriya/LA_ANALYSIS/PS_UNMIXED.
2018-11-07 13:50:36,585 :: root :: INFO :: Processing image 1 out of 2: C:\Users\samapriya\Documents\Fragmentation\PS_UNMX_MEDIAN\PS_UNMX_Grid_1_2018_05_01.tif
2018-11-07 13:53:06,039 :: root :: INFO :: Processing image 2 out of 2: C:\Users\samapriya\Documents\Fragmentation\PS_UNMX_MEDIAN\PS_UNMX_Grid_4_2017_07_01.tif
2018-11-09 09:15:27,226 :: oauth2client.transport :: INFO :: Attempting refresh to obtain initial access_token
2018-11-09 09:15:27,226 :: oauth2client.client :: INFO :: Refreshing access_token
2018-11-10 11:10:25,266 :: oauth2client.transport :: INFO :: Attempting refresh to obtain initial access_token
2018-11-10 11:10:25,288 :: oauth2client.client :: INFO :: Refreshing access_token
2018-11-10 11:13:32,528 :: oauth2client.transport :: INFO :: Attempting refresh to obtain initial access_token
2018-11-10 11:13:32,528 :: oauth2client.client :: INFO :: Refreshing access_token
2018-11-10 11:14:06,341 :: oauth2client.transport :: INFO :: Attempting refresh to obtain initial access_token
2018-11-10 11:14:06,341 :: oauth2client.client :: INFO :: Refreshing access_token
2018-11-10 11:20:24,342 :: oauth2client.transport :: INFO :: Attempting refresh to obtain initial access_token
2018-11-10 11:20:24,345 :: oauth2client.client :: INFO :: Refreshing access_token
2018-11-10 11:21:14,690 :: oauth2client.transport :: INFO :: Attempting refresh to obtain initial access_token
2018-11-10 11:21:14,690 :: oauth2client.client :: INFO :: Refreshing access_token
2018-11-10 14:59:04,118 :: oauth2client.transport :: INFO :: Attempting refresh to obtain initial access_token
2018-11-10 14:59:04,134 :: oauth2client.client :: INFO :: Refreshing access_token
2018-11-10 15:00:59,043 :: oauth2client.transport :: INFO :: Attempting refresh to obtain initial access_token
2018-11-10 15:00:59,043 :: oauth2client.client :: INFO :: Refreshing access_token
2018-11-10 15:02:44,023 :: oauth2client.transport :: INFO :: Attempting refresh to obtain initial access_token
2018-11-10 15:02:44,023 :: oauth2client.client :: INFO :: Refreshing access_token
